SF:/Users/kooshapari/CodeProjects/Phenotype/repos/phenotype-voxel/src/adapters/chunk.rs
FN:64,_RNCNvXININtNtCsk623h5Sljjt_15phenotype_voxel8adapters5chunks0_0pEINtB7_15DenseChunkStorepENtNtNtBb_5ports5chunk9Chunkable4view0Bb_
FN:54,_RNvMs_NtNtCsk623h5Sljjt_15phenotype_voxel8adapters5chunkINtB4_15DenseChunkStorepE13get_or_insertB8_
FN:34,_RNvMs_NtNtCsk623h5Sljjt_15phenotype_voxel8adapters5chunkINtB4_15DenseChunkStorepE3getB8_
FN:44,_RNvMs_NtNtCsk623h5Sljjt_15phenotype_voxel8adapters5chunkINtB4_15DenseChunkStorepE3lenB8_
FN:24,_RNvMs_NtNtCsk623h5Sljjt_15phenotype_voxel8adapters5chunkINtB4_15DenseChunkStorepE6insertB8_
FN:29,_RNvMs_NtNtCsk623h5Sljjt_15phenotype_voxel8adapters5chunkINtB4_15DenseChunkStorepE6removeB8_
FN:39,_RNvMs_NtNtCsk623h5Sljjt_15phenotype_voxel8adapters5chunkINtB4_15DenseChunkStorepE7get_mutB8_
FN:49,_RNvMs_NtNtCsk623h5Sljjt_15phenotype_voxel8adapters5chunkINtB4_15DenseChunkStorepE8is_emptyB8_
FN:15,_RNvXININtNtCsk623h5Sljjt_15phenotype_voxel8adapters5chunk0pEINtB5_15DenseChunkStorepENtNtCse2qo0L34Llq_4core7default7Default7defaultB9_
FN:62,_RNvXININtNtCsk623h5Sljjt_15phenotype_voxel8adapters5chunks0_0pEINtB5_15DenseChunkStorepENtNtNtB9_5ports5chunk9Chunkable4viewB9_
FN:64,_RNCNvXININtNtCsS6u8qvYazT_15phenotype_voxel8adapters5chunks0_0pEINtB7_15DenseChunkStorepENtNtNtBb_5ports5chunk9Chunkable4view0Bb_
FN:54,_RNvMs_NtNtCsS6u8qvYazT_15phenotype_voxel8adapters5chunkINtB4_15DenseChunkStorepE13get_or_insertB8_
FN:34,_RNvMs_NtNtCsS6u8qvYazT_15phenotype_voxel8adapters5chunkINtB4_15DenseChunkStorepE3getB8_
FN:44,_RNvMs_NtNtCsS6u8qvYazT_15phenotype_voxel8adapters5chunkINtB4_15DenseChunkStorepE3lenB8_
FN:24,_RNvMs_NtNtCsS6u8qvYazT_15phenotype_voxel8adapters5chunkINtB4_15DenseChunkStorepE6insertB8_
FN:29,_RNvMs_NtNtCsS6u8qvYazT_15phenotype_voxel8adapters5chunkINtB4_15DenseChunkStorepE6removeB8_
FN:39,_RNvMs_NtNtCsS6u8qvYazT_15phenotype_voxel8adapters5chunkINtB4_15DenseChunkStorepE7get_mutB8_
FN:49,_RNvMs_NtNtCsS6u8qvYazT_15phenotype_voxel8adapters5chunkINtB4_15DenseChunkStorepE8is_emptyB8_
FN:15,_RNvXININtNtCsS6u8qvYazT_15phenotype_voxel8adapters5chunk0pEINtB5_15DenseChunkStorepENtNtCse2qo0L34Llq_4core7default7Default7defaultB9_
FN:62,_RNvXININtNtCsS6u8qvYazT_15phenotype_voxel8adapters5chunks0_0pEINtB5_15DenseChunkStorepENtNtNtB9_5ports5chunk9Chunkable4viewB9_
FNDA:0,_RNCNvXININtNtCsk623h5Sljjt_15phenotype_voxel8adapters5chunks0_0pEINtB7_15DenseChunkStorepENtNtNtBb_5ports5chunk9Chunkable4view0Bb_
FNDA:0,_RNvMs_NtNtCsk623h5Sljjt_15phenotype_voxel8adapters5chunkINtB4_15DenseChunkStorepE13get_or_insertB8_
FNDA:0,_RNvMs_NtNtCsk623h5Sljjt_15phenotype_voxel8adapters5chunkINtB4_15DenseChunkStorepE3getB8_
FNDA:0,_RNvMs_NtNtCsk623h5Sljjt_15phenotype_voxel8adapters5chunkINtB4_15DenseChunkStorepE3lenB8_
FNDA:0,_RNvMs_NtNtCsk623h5Sljjt_15phenotype_voxel8adapters5chunkINtB4_15DenseChunkStorepE6insertB8_
FNDA:0,_RNvMs_NtNtCsk623h5Sljjt_15phenotype_voxel8adapters5chunkINtB4_15DenseChunkStorepE6removeB8_
FNDA:0,_RNvMs_NtNtCsk623h5Sljjt_15phenotype_voxel8adapters5chunkINtB4_15DenseChunkStorepE7get_mutB8_
FNDA:0,_RNvMs_NtNtCsk623h5Sljjt_15phenotype_voxel8adapters5chunkINtB4_15DenseChunkStorepE8is_emptyB8_
FNDA:0,_RNvXININtNtCsk623h5Sljjt_15phenotype_voxel8adapters5chunk0pEINtB5_15DenseChunkStorepENtNtCse2qo0L34Llq_4core7default7Default7defaultB9_
FNDA:0,_RNvXININtNtCsk623h5Sljjt_15phenotype_voxel8adapters5chunks0_0pEINtB5_15DenseChunkStorepENtNtNtB9_5ports5chunk9Chunkable4viewB9_
FNDA:0,_RNCNvXININtNtCsS6u8qvYazT_15phenotype_voxel8adapters5chunks0_0pEINtB7_15DenseChunkStorepENtNtNtBb_5ports5chunk9Chunkable4view0Bb_
FNDA:0,_RNvMs_NtNtCsS6u8qvYazT_15phenotype_voxel8adapters5chunkINtB4_15DenseChunkStorepE13get_or_insertB8_
FNDA:0,_RNvMs_NtNtCsS6u8qvYazT_15phenotype_voxel8adapters5chunkINtB4_15DenseChunkStorepE3getB8_
FNDA:0,_RNvMs_NtNtCsS6u8qvYazT_15phenotype_voxel8adapters5chunkINtB4_15DenseChunkStorepE3lenB8_
FNDA:0,_RNvMs_NtNtCsS6u8qvYazT_15phenotype_voxel8adapters5chunkINtB4_15DenseChunkStorepE6insertB8_
FNDA:0,_RNvMs_NtNtCsS6u8qvYazT_15phenotype_voxel8adapters5chunkINtB4_15DenseChunkStorepE6removeB8_
FNDA:0,_RNvMs_NtNtCsS6u8qvYazT_15phenotype_voxel8adapters5chunkINtB4_15DenseChunkStorepE7get_mutB8_
FNDA:0,_RNvMs_NtNtCsS6u8qvYazT_15phenotype_voxel8adapters5chunkINtB4_15DenseChunkStorepE8is_emptyB8_
FNDA:0,_RNvXININtNtCsS6u8qvYazT_15phenotype_voxel8adapters5chunk0pEINtB5_15DenseChunkStorepENtNtCse2qo0L34Llq_4core7default7Default7defaultB9_
FNDA:0,_RNvXININtNtCsS6u8qvYazT_15phenotype_voxel8adapters5chunks0_0pEINtB5_15DenseChunkStorepENtNtNtB9_5ports5chunk9Chunkable4viewB9_
FNF:10
FNH:0
DA:15,0
DA:16,0
DA:17,0
DA:18,0
DA:19,0
DA:24,0
DA:25,0
DA:26,0
DA:29,0
DA:30,0
DA:31,0
DA:34,0
DA:35,0
DA:36,0
DA:39,0
DA:40,0
DA:41,0
DA:44,0
DA:45,0
DA:46,0
DA:49,0
DA:50,0
DA:51,0
DA:54,0
DA:55,0
DA:56,0
DA:62,0
DA:63,0
DA:64,0
DA:65,0
DA:66,0
DA:67,0
BRF:0
BRH:0
LF:32
LH:0
end_of_record
SF:/Users/kooshapari/CodeProjects/Phenotype/repos/phenotype-voxel/src/adapters/mesh.rs
FN:34,_RNvXININtNtCsk623h5Sljjt_15phenotype_voxel8adapters4mesh0pEINtB5_11MeshAdapterpENtNtB9_4mesh6Mesher10mesh_chunkB9_
FN:34,_RNvXININtNtCsS6u8qvYazT_15phenotype_voxel8adapters4mesh0pEINtB5_11MeshAdapterpENtNtB9_4mesh6Mesher10mesh_chunkB9_
FNDA:0,_RNvXININtNtCsk623h5Sljjt_15phenotype_voxel8adapters4mesh0pEINtB5_11MeshAdapterpENtNtB9_4mesh6Mesher10mesh_chunkB9_
FNDA:0,_RNvXININtNtCsS6u8qvYazT_15phenotype_voxel8adapters4mesh0pEINtB5_11MeshAdapterpENtNtB9_4mesh6Mesher10mesh_chunkB9_
FNF:1
FNH:0
DA:34,0
DA:35,0
DA:36,0
DA:37,0
DA:39,0
BRF:0
BRH:0
LF:5
LH:0
end_of_record
SF:/Users/kooshapari/CodeProjects/Phenotype/repos/phenotype-voxel/src/adapters/octree.rs
FN:25,_RNvMNtNtCsk623h5Sljjt_15phenotype_voxel8adapters6octreeINtB2_13OctreeAdapterpE10into_innerB6_
FN:50,_RNvMNtNtCsk623h5Sljjt_15phenotype_voxel8adapters6octreeINtB2_13OctreeAdapterpE12insert_denseB6_
FN:60,_RNvMNtNtCsk623h5Sljjt_15phenotype_voxel8adapters6octreeINtB2_13OctreeAdapterpE13uniform_valueB6_
FN:45,_RNvMNtNtCsk623h5Sljjt_15phenotype_voxel8adapters6octreeINtB2_13OctreeAdapterpE14insert_uniformB6_
FN:55,_RNvMNtNtCsk623h5Sljjt_15phenotype_voxel8adapters6octreeINtB2_13OctreeAdapterpE3getB6_
FN:65,_RNvMNtNtCsk623h5Sljjt_15phenotype_voxel8adapters6octreeINtB2_13OctreeAdapterpE3lenB6_
FN:20,_RNvMNtNtCsk623h5Sljjt_15phenotype_voxel8adapters6octreeINtB2_13OctreeAdapterpE3newB6_
FN:30,_RNvMNtNtCsk623h5Sljjt_15phenotype_voxel8adapters6octreeINtB2_13OctreeAdapterpE5innerB6_
FN:40,_RNvMNtNtCsk623h5Sljjt_15phenotype_voxel8adapters6octreeINtB2_13OctreeAdapterpE7compactB6_
FN:70,_RNvMNtNtCsk623h5Sljjt_15phenotype_voxel8adapters6octreeINtB2_13OctreeAdapterpE8is_emptyB6_
FN:35,_RNvMNtNtCsk623h5Sljjt_15phenotype_voxel8adapters6octreeINtB2_13OctreeAdapterpE9inner_mutB6_
FN:94,_RNvXININtNtCsk623h5Sljjt_15phenotype_voxel8adapters6octrees0_0pEINtB5_13OctreeAdapterpEINtNtNtB9_5ports6octree13OctreeStoragepE12insert_denseB9_
FN:90,_RNvXININtNtCsk623h5Sljjt_15phenotype_voxel8adapters6octrees0_0pEINtB5_13OctreeAdapterpEINtNtNtB9_5ports6octree13OctreeStoragepE14insert_uniformB9_
FN:80,_RNvXININtNtCsk623h5Sljjt_15phenotype_voxel8adapters6octrees_0pEINtB5_13OctreeAdapterpEINtNtNtB9_5ports6octree15OctreeQueryablepE13uniform_valueB9_
FN:76,_RNvXININtNtCsk623h5Sljjt_15phenotype_voxel8adapters6octrees_0pEINtB5_13OctreeAdapterpEINtNtNtB9_5ports6octree15OctreeQueryablepE3getB9_
FN:84,_RNvXININtNtCsk623h5Sljjt_15phenotype_voxel8adapters6octrees_0pEINtB5_13OctreeAdapterpEINtNtNtB9_5ports6octree15OctreeQueryablepE7compactB9_
FN:25,_RNvMNtNtCsS6u8qvYazT_15phenotype_voxel8adapters6octreeINtB2_13OctreeAdapterpE10into_innerB6_
FN:50,_RNvMNtNtCsS6u8qvYazT_15phenotype_voxel8adapters6octreeINtB2_13OctreeAdapterpE12insert_denseB6_
FN:60,_RNvMNtNtCsS6u8qvYazT_15phenotype_voxel8adapters6octreeINtB2_13OctreeAdapterpE13uniform_valueB6_
FN:45,_RNvMNtNtCsS6u8qvYazT_15phenotype_voxel8adapters6octreeINtB2_13OctreeAdapterpE14insert_uniformB6_
FN:55,_RNvMNtNtCsS6u8qvYazT_15phenotype_voxel8adapters6octreeINtB2_13OctreeAdapterpE3getB6_
FN:65,_RNvMNtNtCsS6u8qvYazT_15phenotype_voxel8adapters6octreeINtB2_13OctreeAdapterpE3lenB6_
FN:20,_RNvMNtNtCsS6u8qvYazT_15phenotype_voxel8adapters6octreeINtB2_13OctreeAdapterpE3newB6_
FN:30,_RNvMNtNtCsS6u8qvYazT_15phenotype_voxel8adapters6octreeINtB2_13OctreeAdapterpE5innerB6_
FN:40,_RNvMNtNtCsS6u8qvYazT_15phenotype_voxel8adapters6octreeINtB2_13OctreeAdapterpE7compactB6_
FN:70,_RNvMNtNtCsS6u8qvYazT_15phenotype_voxel8adapters6octreeINtB2_13OctreeAdapterpE8is_emptyB6_
FN:35,_RNvMNtNtCsS6u8qvYazT_15phenotype_voxel8adapters6octreeINtB2_13OctreeAdapterpE9inner_mutB6_
FN:94,_RNvXININtNtCsS6u8qvYazT_15phenotype_voxel8adapters6octrees0_0pEINtB5_13OctreeAdapterpEINtNtNtB9_5ports6octree13OctreeStoragepE12insert_denseB9_
FN:90,_RNvXININtNtCsS6u8qvYazT_15phenotype_voxel8adapters6octrees0_0pEINtB5_13OctreeAdapterpEINtNtNtB9_5ports6octree13OctreeStoragepE14insert_uniformB9_
FN:80,_RNvXININtNtCsS6u8qvYazT_15phenotype_voxel8adapters6octrees_0pEINtB5_13OctreeAdapterpEINtNtNtB9_5ports6octree15OctreeQueryablepE13uniform_valueB9_
FN:76,_RNvXININtNtCsS6u8qvYazT_15phenotype_voxel8adapters6octrees_0pEINtB5_13OctreeAdapterpEINtNtNtB9_5ports6octree15OctreeQueryablepE3getB9_
FN:84,_RNvXININtNtCsS6u8qvYazT_15phenotype_voxel8adapters6octrees_0pEINtB5_13OctreeAdapterpEINtNtNtB9_5ports6octree15OctreeQueryablepE7compactB9_
FNDA:0,_RNvMNtNtCsk623h5Sljjt_15phenotype_voxel8adapters6octreeINtB2_13OctreeAdapterpE10into_innerB6_
FNDA:0,_RNvMNtNtCsk623h5Sljjt_15phenotype_voxel8adapters6octreeINtB2_13OctreeAdapterpE12insert_denseB6_
FNDA:0,_RNvMNtNtCsk623h5Sljjt_15phenotype_voxel8adapters6octreeINtB2_13OctreeAdapterpE13uniform_valueB6_
FNDA:0,_RNvMNtNtCsk623h5Sljjt_15phenotype_voxel8adapters6octreeINtB2_13OctreeAdapterpE14insert_uniformB6_
FNDA:0,_RNvMNtNtCsk623h5Sljjt_15phenotype_voxel8adapters6octreeINtB2_13OctreeAdapterpE3getB6_
FNDA:0,_RNvMNtNtCsk623h5Sljjt_15phenotype_voxel8adapters6octreeINtB2_13OctreeAdapterpE3lenB6_
FNDA:0,_RNvMNtNtCsk623h5Sljjt_15phenotype_voxel8adapters6octreeINtB2_13OctreeAdapterpE3newB6_
FNDA:0,_RNvMNtNtCsk623h5Sljjt_15phenotype_voxel8adapters6octreeINtB2_13OctreeAdapterpE5innerB6_
FNDA:0,_RNvMNtNtCsk623h5Sljjt_15phenotype_voxel8adapters6octreeINtB2_13OctreeAdapterpE7compactB6_
FNDA:0,_RNvMNtNtCsk623h5Sljjt_15phenotype_voxel8adapters6octreeINtB2_13OctreeAdapterpE8is_emptyB6_
FNDA:0,_RNvMNtNtCsk623h5Sljjt_15phenotype_voxel8adapters6octreeINtB2_13OctreeAdapterpE9inner_mutB6_
FNDA:0,_RNvXININtNtCsk623h5Sljjt_15phenotype_voxel8adapters6octrees0_0pEINtB5_13OctreeAdapterpEINtNtNtB9_5ports6octree13OctreeStoragepE12insert_denseB9_
FNDA:0,_RNvXININtNtCsk623h5Sljjt_15phenotype_voxel8adapters6octrees0_0pEINtB5_13OctreeAdapterpEINtNtNtB9_5ports6octree13OctreeStoragepE14insert_uniformB9_
FNDA:0,_RNvXININtNtCsk623h5Sljjt_15phenotype_voxel8adapters6octrees_0pEINtB5_13OctreeAdapterpEINtNtNtB9_5ports6octree15OctreeQueryablepE13uniform_valueB9_
FNDA:0,_RNvXININtNtCsk623h5Sljjt_15phenotype_voxel8adapters6octrees_0pEINtB5_13OctreeAdapterpEINtNtNtB9_5ports6octree15OctreeQueryablepE3getB9_
FNDA:0,_RNvXININtNtCsk623h5Sljjt_15phenotype_voxel8adapters6octrees_0pEINtB5_13OctreeAdapterpEINtNtNtB9_5ports6octree15OctreeQueryablepE7compactB9_
FNDA:0,_RNvMNtNtCsS6u8qvYazT_15phenotype_voxel8adapters6octreeINtB2_13OctreeAdapterpE10into_innerB6_
FNDA:0,_RNvMNtNtCsS6u8qvYazT_15phenotype_voxel8adapters6octreeINtB2_13OctreeAdapterpE12insert_denseB6_
FNDA:0,_RNvMNtNtCsS6u8qvYazT_15phenotype_voxel8adapters6octreeINtB2_13OctreeAdapterpE13uniform_valueB6_
FNDA:0,_RNvMNtNtCsS6u8qvYazT_15phenotype_voxel8adapters6octreeINtB2_13OctreeAdapterpE14insert_uniformB6_
FNDA:0,_RNvMNtNtCsS6u8qvYazT_15phenotype_voxel8adapters6octreeINtB2_13OctreeAdapterpE3getB6_
FNDA:0,_RNvMNtNtCsS6u8qvYazT_15phenotype_voxel8adapters6octreeINtB2_13OctreeAdapterpE3lenB6_
FNDA:0,_RNvMNtNtCsS6u8qvYazT_15phenotype_voxel8adapters6octreeINtB2_13OctreeAdapterpE3newB6_
FNDA:0,_RNvMNtNtCsS6u8qvYazT_15phenotype_voxel8adapters6octreeINtB2_13OctreeAdapterpE5innerB6_
FNDA:0,_RNvMNtNtCsS6u8qvYazT_15phenotype_voxel8adapters6octreeINtB2_13OctreeAdapterpE7compactB6_
FNDA:0,_RNvMNtNtCsS6u8qvYazT_15phenotype_voxel8adapters6octreeINtB2_13OctreeAdapterpE8is_emptyB6_
FNDA:0,_RNvMNtNtCsS6u8qvYazT_15phenotype_voxel8adapters6octreeINtB2_13OctreeAdapterpE9inner_mutB6_
FNDA:0,_RNvXININtNtCsS6u8qvYazT_15phenotype_voxel8adapters6octrees0_0pEINtB5_13OctreeAdapterpEINtNtNtB9_5ports6octree13OctreeStoragepE12insert_denseB9_
FNDA:0,_RNvXININtNtCsS6u8qvYazT_15phenotype_voxel8adapters6octrees0_0pEINtB5_13OctreeAdapterpEINtNtNtB9_5ports6octree13OctreeStoragepE14insert_uniformB9_
FNDA:0,_RNvXININtNtCsS6u8qvYazT_15phenotype_voxel8adapters6octrees_0pEINtB5_13OctreeAdapterpEINtNtNtB9_5ports6octree15OctreeQueryablepE13uniform_valueB9_
FNDA:0,_RNvXININtNtCsS6u8qvYazT_15phenotype_voxel8adapters6octrees_0pEINtB5_13OctreeAdapterpEINtNtNtB9_5ports6octree15OctreeQueryablepE3getB9_
FNDA:0,_RNvXININtNtCsS6u8qvYazT_15phenotype_voxel8adapters6octrees_0pEINtB5_13OctreeAdapterpEINtNtNtB9_5ports6octree15OctreeQueryablepE7compactB9_
FNF:16
FNH:0
DA:20,0
DA:21,0
DA:22,0
DA:25,0
DA:26,0
DA:27,0
DA:30,0
DA:31,0
DA:32,0
DA:35,0
DA:36,0
DA:37,0
DA:40,0
DA:41,0
DA:42,0
DA:45,0
DA:46,0
DA:47,0
DA:50,0
DA:51,0
DA:52,0
DA:55,0
DA:56,0
DA:57,0
DA:60,0
DA:61,0
DA:62,0
DA:65,0
DA:66,0
DA:67,0
DA:70,0
DA:71,0
DA:72,0
DA:76,0
DA:77,0
DA:78,0
DA:80,0
DA:81,0
DA:82,0
DA:84,0
DA:85,0
DA:86,0
DA:90,0
DA:91,0
DA:92,0
DA:94,0
DA:95,0
DA:96,0
BRF:0
BRH:0
LF:48
LH:0
end_of_record
SF:/Users/kooshapari/CodeProjects/Phenotype/repos/phenotype-voxel/src/adapters/renderer.rs
FN:53,_RNvMNtNtCsk623h5Sljjt_15phenotype_voxel8adapters8rendererINtB2_21FrameCountingRendererpE10into_innerB6_
FN:58,_RNvMNtNtCsk623h5Sljjt_15phenotype_voxel8adapters8rendererINtB2_21FrameCountingRendererpE12begun_framesB6_
FN:68,_RNvMNtNtCsk623h5Sljjt_15phenotype_voxel8adapters8rendererINtB2_21FrameCountingRendererpE12ended_framesB6_
FN:79,_RNvMNtNtCsk623h5Sljjt_15phenotype_voxel8adapters8rendererINtB2_21FrameCountingRendererpE14reset_countersB6_
FN:74,_RNvMNtNtCsk623h5Sljjt_15phenotype_voxel8adapters8rendererINtB2_21FrameCountingRendererpE16frames_in_flightB6_
FN:63,_RNvMNtNtCsk623h5Sljjt_15phenotype_voxel8adapters8rendererINtB2_21FrameCountingRendererpE17chunk_submissionsB6_
FN:33,_RNvMNtNtCsk623h5Sljjt_15phenotype_voxel8adapters8rendererINtB2_21FrameCountingRendererpE3newB6_
FN:43,_RNvMNtNtCsk623h5Sljjt_15phenotype_voxel8adapters8rendererINtB2_21FrameCountingRendererpE5innerB6_
FN:48,_RNvMNtNtCsk623h5Sljjt_15phenotype_voxel8adapters8rendererINtB2_21FrameCountingRendererpE9inner_mutB6_
FN:87,_RNvXININtNtCsk623h5Sljjt_15phenotype_voxel8adapters8renderers_0pEINtB5_21FrameCountingRendererpENtNtNtB9_5ports8renderer12RendererPort11begin_frameB9_
FN:96,_RNvXININtNtCsk623h5Sljjt_15phenotype_voxel8adapters8renderers_0pEINtB5_21FrameCountingRendererpENtNtNtB9_5ports8renderer12RendererPort12submit_chunkB9_
FN:106,_RNvXININtNtCsk623h5Sljjt_15phenotype_voxel8adapters8renderers_0pEINtB5_21FrameCountingRendererpENtNtNtB9_5ports8renderer12RendererPort9end_frameB9_
FN:58,_RNvMNtNtCsS6u8qvYazT_15phenotype_voxel8adapters8rendererINtB2_21FrameCountingRendererNtNtB2_5tests17RecordingRendererE12begun_framesB6_
FN:68,_RNvMNtNtCsS6u8qvYazT_15phenotype_voxel8adapters8rendererINtB2_21FrameCountingRendererNtNtB2_5tests17RecordingRendererE12ended_framesB6_
FN:79,_RNvMNtNtCsS6u8qvYazT_15phenotype_voxel8adapters8rendererINtB2_21FrameCountingRendererNtNtB2_5tests17RecordingRendererE14reset_countersB6_
FN:74,_RNvMNtNtCsS6u8qvYazT_15phenotype_voxel8adapters8rendererINtB2_21FrameCountingRendererNtNtB2_5tests17RecordingRendererE16frames_in_flightB6_
FN:63,_RNvMNtNtCsS6u8qvYazT_15phenotype_voxel8adapters8rendererINtB2_21FrameCountingRendererNtNtB2_5tests17RecordingRendererE17chunk_submissionsB6_
FN:33,_RNvMNtNtCsS6u8qvYazT_15phenotype_voxel8adapters8rendererINtB2_21FrameCountingRendererNtNtB2_5tests17RecordingRendererE3newB6_
FN:43,_RNvMNtNtCsS6u8qvYazT_15phenotype_voxel8adapters8rendererINtB2_21FrameCountingRendererNtNtB2_5tests17RecordingRendererE5innerB6_
FN:63,_RNvMNtNtCsS6u8qvYazT_15phenotype_voxel8adapters8rendererINtB2_21FrameCountingRendererNtNtB2_5tests17RejectingRendererE17chunk_submissionsB6_
FN:33,_RNvMNtNtCsS6u8qvYazT_15phenotype_voxel8adapters8rendererINtB2_21FrameCountingRendererNtNtB2_5tests17RejectingRendererE3newB6_
FN:201,_RNvNtNtNtCsS6u8qvYazT_15phenotype_voxel8adapters8renderer5testss_24invalid_state_propagates
FN:217,_RNvNtNtNtCsS6u8qvYazT_15phenotype_voxel8adapters8renderer5testss_36reset_counters_preserves_inner_state
FN:173,_RNvNtNtNtCsS6u8qvYazT_15phenotype_voxel8adapters8renderer5testss_37counters_increment_on_forwarded_calls
FN:131,_RNvXNtNtNtCsS6u8qvYazT_15phenotype_voxel8adapters8renderer5testsNtB2_17RecordingRendererNtNtNtB8_5ports8renderer12RendererPort11begin_frame
FN:136,_RNvXNtNtNtCsS6u8qvYazT_15phenotype_voxel8adapters8renderer5testsNtB2_17RecordingRendererNtNtNtB8_5ports8renderer12RendererPort12submit_chunk
FN:141,_RNvXNtNtNtCsS6u8qvYazT_15phenotype_voxel8adapters8renderer5testsNtB2_17RecordingRendererNtNtNtB8_5ports8renderer12RendererPort9end_frame
FN:87,_RNvXs_NtNtCsS6u8qvYazT_15phenotype_voxel8adapters8rendererINtB4_21FrameCountingRendererNtNtB4_5tests17RecordingRendererENtNtNtB8_5ports8renderer12RendererPort11begin_frameB8_
FN:96,_RNvXs_NtNtCsS6u8qvYazT_15phenotype_voxel8adapters8rendererINtB4_21FrameCountingRendererNtNtB4_5tests17RecordingRendererENtNtNtB8_5ports8renderer12RendererPort12submit_chunkB8_
FN:106,_RNvXs_NtNtCsS6u8qvYazT_15phenotype_voxel8adapters8rendererINtB4_21FrameCountingRendererNtNtB4_5tests17RecordingRendererENtNtNtB8_5ports8renderer12RendererPort9end_frameB8_
FN:87,_RNvXs_NtNtCsS6u8qvYazT_15phenotype_voxel8adapters8rendererINtB4_21FrameCountingRendererNtNtB4_5tests17RejectingRendererENtNtNtB8_5ports8renderer12RendererPort11begin_frameB8_
FN:96,_RNvXs_NtNtCsS6u8qvYazT_15phenotype_voxel8adapters8rendererINtB4_21FrameCountingRendererNtNtB4_5tests17RejectingRendererENtNtNtB8_5ports8renderer12RendererPort12submit_chunkB8_
FN:156,_RNvXs_NtNtNtCsS6u8qvYazT_15phenotype_voxel8adapters8renderer5testsNtB4_17RejectingRendererNtNtNtBa_5ports8renderer12RendererPort11begin_frame
FN:161,_RNvXs_NtNtNtCsS6u8qvYazT_15phenotype_voxel8adapters8renderer5testsNtB4_17RejectingRendererNtNtNtBa_5ports8renderer12RendererPort12submit_chunk
FN:53,_RNvMNtNtCsS6u8qvYazT_15phenotype_voxel8adapters8rendererINtB2_21FrameCountingRendererpE10into_innerB6_
FN:48,_RNvMNtNtCsS6u8qvYazT_15phenotype_voxel8adapters8rendererINtB2_21FrameCountingRendererpE9inner_mutB6_
FN:165,_RNvXs_NtNtNtCsS6u8qvYazT_15phenotype_voxel8adapters8renderer5testsNtB4_17RejectingRendererNtNtNtBa_5ports8renderer12RendererPort9end_frame
FNDA:0,_RNvMNtNtCsk623h5Sljjt_15phenotype_voxel8adapters8rendererINtB2_21FrameCountingRendererpE10into_innerB6_
FNDA:0,_RNvMNtNtCsk623h5Sljjt_15phenotype_voxel8adapters8rendererINtB2_21FrameCountingRendererpE12begun_framesB6_
FNDA:0,_RNvMNtNtCsk623h5Sljjt_15phenotype_voxel8adapters8rendererINtB2_21FrameCountingRendererpE12ended_framesB6_
FNDA:0,_RNvMNtNtCsk623h5Sljjt_15phenotype_voxel8adapters8rendererINtB2_21FrameCountingRendererpE14reset_countersB6_
FNDA:0,_RNvMNtNtCsk623h5Sljjt_15phenotype_voxel8adapters8rendererINtB2_21FrameCountingRendererpE16frames_in_flightB6_
FNDA:0,_RNvMNtNtCsk623h5Sljjt_15phenotype_voxel8adapters8rendererINtB2_21FrameCountingRendererpE17chunk_submissionsB6_
FNDA:0,_RNvMNtNtCsk623h5Sljjt_15phenotype_voxel8adapters8rendererINtB2_21FrameCountingRendererpE3newB6_
FNDA:0,_RNvMNtNtCsk623h5Sljjt_15phenotype_voxel8adapters8rendererINtB2_21FrameCountingRendererpE5innerB6_
FNDA:0,_RNvMNtNtCsk623h5Sljjt_15phenotype_voxel8adapters8rendererINtB2_21FrameCountingRendererpE9inner_mutB6_
FNDA:0,_RNvXININtNtCsk623h5Sljjt_15phenotype_voxel8adapters8renderers_0pEINtB5_21FrameCountingRendererpENtNtNtB9_5ports8renderer12RendererPort11begin_frameB9_
FNDA:0,_RNvXININtNtCsk623h5Sljjt_15phenotype_voxel8adapters8renderers_0pEINtB5_21FrameCountingRendererpENtNtNtB9_5ports8renderer12RendererPort12submit_chunkB9_
FNDA:0,_RNvXININtNtCsk623h5Sljjt_15phenotype_voxel8adapters8renderers_0pEINtB5_21FrameCountingRendererpENtNtNtB9_5ports8renderer12RendererPort9end_frameB9_
FNDA:4,_RNvMNtNtCsS6u8qvYazT_15phenotype_voxel8adapters8rendererINtB2_21FrameCountingRendererNtNtB2_5tests17RecordingRendererE12begun_framesB6_
FNDA:3,_RNvMNtNtCsS6u8qvYazT_15phenotype_voxel8adapters8rendererINtB2_21FrameCountingRendererNtNtB2_5tests17RecordingRendererE12ended_framesB6_
FNDA:1,_RNvMNtNtCsS6u8qvYazT_15phenotype_voxel8adapters8rendererINtB2_21FrameCountingRendererNtNtB2_5tests17RecordingRendererE14reset_countersB6_
FNDA:3,_RNvMNtNtCsS6u8qvYazT_15phenotype_voxel8adapters8rendererINtB2_21FrameCountingRendererNtNtB2_5tests17RecordingRendererE16frames_in_flightB6_
FNDA:3,_RNvMNtNtCsS6u8qvYazT_15phenotype_voxel8adapters8rendererINtB2_21FrameCountingRendererNtNtB2_5tests17RecordingRendererE17chunk_submissionsB6_
FNDA:2,_RNvMNtNtCsS6u8qvYazT_15phenotype_voxel8adapters8rendererINtB2_21FrameCountingRendererNtNtB2_5tests17RecordingRendererE3newB6_
FNDA:2,_RNvMNtNtCsS6u8qvYazT_15phenotype_voxel8adapters8rendererINtB2_21FrameCountingRendererNtNtB2_5tests17RecordingRendererE5innerB6_
FNDA:1,_RNvMNtNtCsS6u8qvYazT_15phenotype_voxel8adapters8rendererINtB2_21FrameCountingRendererNtNtB2_5tests17RejectingRendererE17chunk_submissionsB6_
FNDA:1,_RNvMNtNtCsS6u8qvYazT_15phenotype_voxel8adapters8rendererINtB2_21FrameCountingRendererNtNtB2_5tests17RejectingRendererE3newB6_
FNDA:1,_RNvNtNtNtCsS6u8qvYazT_15phenotype_voxel8adapters8renderer5testss_24invalid_state_propagates
FNDA:1,_RNvNtNtNtCsS6u8qvYazT_15phenotype_voxel8adapters8renderer5testss_36reset_counters_preserves_inner_state
FNDA:1,_RNvNtNtNtCsS6u8qvYazT_15phenotype_voxel8adapters8renderer5testss_37counters_increment_on_forwarded_calls
FNDA:2,_RNvXNtNtNtCsS6u8qvYazT_15phenotype_voxel8adapters8renderer5testsNtB2_17RecordingRendererNtNtNtB8_5ports8renderer12RendererPort11begin_frame
FNDA:3,_RNvXNtNtNtCsS6u8qvYazT_15phenotype_voxel8adapters8renderer5testsNtB2_17RecordingRendererNtNtNtB8_5ports8renderer12RendererPort12submit_chunk
FNDA:2,_RNvXNtNtNtCsS6u8qvYazT_15phenotype_voxel8adapters8renderer5testsNtB2_17RecordingRendererNtNtNtB8_5ports8renderer12RendererPort9end_frame
FNDA:2,_RNvXs_NtNtCsS6u8qvYazT_15phenotype_voxel8adapters8rendererINtB4_21FrameCountingRendererNtNtB4_5tests17RecordingRendererENtNtNtB8_5ports8renderer12RendererPort11begin_frameB8_
FNDA:3,_RNvXs_NtNtCsS6u8qvYazT_15phenotype_voxel8adapters8rendererINtB4_21FrameCountingRendererNtNtB4_5tests17RecordingRendererENtNtNtB8_5ports8renderer12RendererPort12submit_chunkB8_
FNDA:2,_RNvXs_NtNtCsS6u8qvYazT_15phenotype_voxel8adapters8rendererINtB4_21FrameCountingRendererNtNtB4_5tests17RecordingRendererENtNtNtB8_5ports8renderer12RendererPort9end_frameB8_
FNDA:1,_RNvXs_NtNtCsS6u8qvYazT_15phenotype_voxel8adapters8rendererINtB4_21FrameCountingRendererNtNtB4_5tests17RejectingRendererENtNtNtB8_5ports8renderer12RendererPort11begin_frameB8_
FNDA:1,_RNvXs_NtNtCsS6u8qvYazT_15phenotype_voxel8adapters8rendererINtB4_21FrameCountingRendererNtNtB4_5tests17RejectingRendererENtNtNtB8_5ports8renderer12RendererPort12submit_chunkB8_
FNDA:1,_RNvXs_NtNtNtCsS6u8qvYazT_15phenotype_voxel8adapters8renderer5testsNtB4_17RejectingRendererNtNtNtBa_5ports8renderer12RendererPort11begin_frame
FNDA:1,_RNvXs_NtNtNtCsS6u8qvYazT_15phenotype_voxel8adapters8renderer5testsNtB4_17RejectingRendererNtNtNtBa_5ports8renderer12RendererPort12submit_chunk
FNDA:0,_RNvMNtNtCsS6u8qvYazT_15phenotype_voxel8adapters8rendererINtB2_21FrameCountingRendererpE10into_innerB6_
FNDA:0,_RNvMNtNtCsS6u8qvYazT_15phenotype_voxel8adapters8rendererINtB2_21FrameCountingRendererpE9inner_mutB6_
FNDA:0,_RNvXs_NtNtNtCsS6u8qvYazT_15phenotype_voxel8adapters8renderer5testsNtB4_17RejectingRendererNtNtNtBa_5ports8renderer12RendererPort9end_frame
FNF:21
FNH:18
DA:33,3
DA:34,3
DA:35,3
DA:36,3
DA:37,3
DA:38,3
DA:39,3
DA:40,3
DA:43,2
DA:44,2
DA:45,2
DA:48,0
DA:49,0
DA:50,0
DA:53,0
DA:54,0
DA:55,0
DA:58,4
DA:59,4
DA:60,4
DA:63,4
DA:64,4
DA:65,4
DA:68,3
DA:69,3
DA:70,3
DA:74,3
DA:75,3
DA:76,3
DA:79,1
DA:80,1
DA:81,1
DA:82,1
DA:83,1
DA:87,3
DA:92,3
DA:93,3
DA:94,3
DA:96,4
DA:101,4
DA:102,3
DA:103,3
DA:104,4
DA:106,2
DA:109,2
DA:110,2
DA:111,2
DA:112,2
DA:131,2
DA:132,2
DA:133,2
DA:134,2
DA:136,3
DA:137,3
DA:138,3
DA:139,3
DA:141,2
DA:142,2
DA:143,2
DA:144,2
DA:156,1
DA:157,1
DA:158,1
DA:159,1
DA:161,1
DA:162,1
DA:163,1
DA:165,0
DA:166,0
DA:167,0
DA:173,1
DA:174,1
DA:175,1
DA:176,1
DA:177,1
DA:179,1
DA:180,1
DA:181,1
DA:183,1
DA:184,1
DA:185,1
DA:186,1
DA:187,1
DA:188,1
DA:189,1
DA:190,1
DA:192,1
DA:193,1
DA:194,1
DA:195,1
DA:201,1
DA:202,1
DA:203,1
DA:204,1
DA:205,1
DA:206,1
DA:207,1
DA:208,1
DA:209,1
DA:210,1
DA:211,1
DA:212,1
DA:217,1
DA:218,1
DA:219,1
DA:220,1
DA:221,1
DA:222,1
DA:223,1
DA:224,1
DA:225,1
DA:226,1
DA:227,1
DA:228,1
DA:230,1
DA:231,1
DA:232,1
DA:233,1
DA:236,1
DA:237,1
DA:238,1
BRF:0
BRH:0
LF:121
LH:112
end_of_record
SF:/Users/kooshapari/CodeProjects/Phenotype/repos/phenotype-voxel/src/adapters/storage.rs
FN:58,_RNvMNtNtCsk623h5Sljjt_15phenotype_voxel8adapters7storageINtB2_17VoxelWorldAdapterpE10into_innerB6_
FN:35,_RNvMNtNtCsk623h5Sljjt_15phenotype_voxel8adapters7storageINtB2_17VoxelWorldAdapterpE15with_voxel_spanB6_
FN:47,_RNvMNtNtCsk623h5Sljjt_15phenotype_voxel8adapters7storageINtB2_17VoxelWorldAdapterpE3newB6_
FN:63,_RNvMNtNtCsk623h5Sljjt_15phenotype_voxel8adapters7storageINtB2_17VoxelWorldAdapterpE5innerB6_
FN:68,_RNvMNtNtCsk623h5Sljjt_15phenotype_voxel8adapters7storageINtB2_17VoxelWorldAdapterpE9inner_mutB6_
FN:98,_RNvXININtNtCsk623h5Sljjt_15phenotype_voxel8adapters7storages_0pEINtB5_17VoxelWorldAdapterpEINtNtNtB9_5ports7storage10WorldStorepE10voxel_spanB9_
FN:90,_RNvXININtNtCsk623h5Sljjt_15phenotype_voxel8adapters7storages_0pEINtB5_17VoxelWorldAdapterpEINtNtNtB9_5ports7storage10WorldStorepE11chunk_countB9_
FN:82,_RNvXININtNtCsk623h5Sljjt_15phenotype_voxel8adapters7storages_0pEINtB5_17VoxelWorldAdapterpEINtNtNtB9_5ports7storage10WorldStorepE11drain_dirtyB9_
FN:106,_RNvXININtNtCsk623h5Sljjt_15phenotype_voxel8adapters7storages_0pEINtB5_17VoxelWorldAdapterpEINtNtNtB9_5ports7storage10WorldStorepE12chunks_denseB9_
FN:94,_RNvXININtNtCsk623h5Sljjt_15phenotype_voxel8adapters7storages_0pEINtB5_17VoxelWorldAdapterpEINtNtNtB9_5ports7storage10WorldStorepE19uniform_chunk_countB9_
FN:74,_RNvXININtNtCsk623h5Sljjt_15phenotype_voxel8adapters7storages_0pEINtB5_17VoxelWorldAdapterpEINtNtNtB9_5ports7storage10WorldStorepE4readB9_
FN:102,_RNvXININtNtCsk623h5Sljjt_15phenotype_voxel8adapters7storages_0pEINtB5_17VoxelWorldAdapterpEINtNtNtB9_5ports7storage10WorldStorepE5chunkB9_
FN:78,_RNvXININtNtCsk623h5Sljjt_15phenotype_voxel8adapters7storages_0pEINtB5_17VoxelWorldAdapterpEINtNtNtB9_5ports7storage10WorldStorepE5writeB9_
FN:86,_RNvXININtNtCsk623h5Sljjt_15phenotype_voxel8adapters7storages_0pEINtB5_17VoxelWorldAdapterpEINtNtNtB9_5ports7storage10WorldStorepE7compactB9_
FN:131,_RNCNvNtNtNtCsS6u8qvYazT_15phenotype_voxel8adapters7storage5testss_20write_read_roundtrip0B9_
FN:35,_RNvMNtNtCsS6u8qvYazT_15phenotype_voxel8adapters7storageINtB2_17VoxelWorldAdapterhE15with_voxel_spanB6_
FN:121,_RNvNtNtNtCsS6u8qvYazT_15phenotype_voxel8adapters7storage5testss_20write_read_roundtrip
FN:137,_RNvNtNtNtCsS6u8qvYazT_15phenotype_voxel8adapters7storage5testss_21drain_dirty_is_sorted
FN:193,_RNvNtNtNtCsS6u8qvYazT_15phenotype_voxel8adapters7storage5testss_30chunks_dense_iterates_in_order
FN:163,_RNvNtNtNtCsS6u8qvYazT_15phenotype_voxel8adapters7storage5testss_30compact_promotes_uniform_chunk
FN:90,_RNvXs_NtNtCsS6u8qvYazT_15phenotype_voxel8adapters7storageINtB4_17VoxelWorldAdapterhEINtNtNtB8_5ports7storage10WorldStorehE11chunk_countB8_
FN:82,_RNvXs_NtNtCsS6u8qvYazT_15phenotype_voxel8adapters7storageINtB4_17VoxelWorldAdapterhEINtNtNtB8_5ports7storage10WorldStorehE11drain_dirtyB8_
FN:106,_RNvXs_NtNtCsS6u8qvYazT_15phenotype_voxel8adapters7storageINtB4_17VoxelWorldAdapterhEINtNtNtB8_5ports7storage10WorldStorehE12chunks_denseB8_
FN:94,_RNvXs_NtNtCsS6u8qvYazT_15phenotype_voxel8adapters7storageINtB4_17VoxelWorldAdapterhEINtNtNtB8_5ports7storage10WorldStorehE19uniform_chunk_countB8_
FN:74,_RNvXs_NtNtCsS6u8qvYazT_15phenotype_voxel8adapters7storageINtB4_17VoxelWorldAdapterhEINtNtNtB8_5ports7storage10WorldStorehE4readB8_
FN:102,_RNvXs_NtNtCsS6u8qvYazT_15phenotype_voxel8adapters7storageINtB4_17VoxelWorldAdapterhEINtNtNtB8_5ports7storage10WorldStorehE5chunkB8_
FN:78,_RNvXs_NtNtCsS6u8qvYazT_15phenotype_voxel8adapters7storageINtB4_17VoxelWorldAdapterhEINtNtNtB8_5ports7storage10WorldStorehE5writeB8_
FN:86,_RNvXs_NtNtCsS6u8qvYazT_15phenotype_voxel8adapters7storageINtB4_17VoxelWorldAdapterhEINtNtNtB8_5ports7storage10WorldStorehE7compactB8_
FN:58,_RNvMNtNtCsS6u8qvYazT_15phenotype_voxel8adapters7storageINtB2_17VoxelWorldAdapterpE10into_innerB6_
FN:47,_RNvMNtNtCsS6u8qvYazT_15phenotype_voxel8adapters7storageINtB2_17VoxelWorldAdapterpE3newB6_
FN:63,_RNvMNtNtCsS6u8qvYazT_15phenotype_voxel8adapters7storageINtB2_17VoxelWorldAdapterpE5innerB6_
FN:68,_RNvMNtNtCsS6u8qvYazT_15phenotype_voxel8adapters7storageINtB2_17VoxelWorldAdapterpE9inner_mutB6_
FN:98,_RNvXININtNtCsS6u8qvYazT_15phenotype_voxel8adapters7storages_0pEINtB5_17VoxelWorldAdapterpEINtNtNtB9_5ports7storage10WorldStorepE10voxel_spanB9_
FNDA:0,_RNvMNtNtCsk623h5Sljjt_15phenotype_voxel8adapters7storageINtB2_17VoxelWorldAdapterpE10into_innerB6_
FNDA:0,_RNvMNtNtCsk623h5Sljjt_15phenotype_voxel8adapters7storageINtB2_17VoxelWorldAdapterpE15with_voxel_spanB6_
FNDA:0,_RNvMNtNtCsk623h5Sljjt_15phenotype_voxel8adapters7storageINtB2_17VoxelWorldAdapterpE3newB6_
FNDA:0,_RNvMNtNtCsk623h5Sljjt_15phenotype_voxel8adapters7storageINtB2_17VoxelWorldAdapterpE5innerB6_
FNDA:0,_RNvMNtNtCsk623h5Sljjt_15phenotype_voxel8adapters7storageINtB2_17VoxelWorldAdapterpE9inner_mutB6_
FNDA:0,_RNvXININtNtCsk623h5Sljjt_15phenotype_voxel8adapters7storages_0pEINtB5_17VoxelWorldAdapterpEINtNtNtB9_5ports7storage10WorldStorepE10voxel_spanB9_
FNDA:0,_RNvXININtNtCsk623h5Sljjt_15phenotype_voxel8adapters7storages_0pEINtB5_17VoxelWorldAdapterpEINtNtNtB9_5ports7storage10WorldStorepE11chunk_countB9_
FNDA:0,_RNvXININtNtCsk623h5Sljjt_15phenotype_voxel8adapters7storages_0pEINtB5_17VoxelWorldAdapterpEINtNtNtB9_5ports7storage10WorldStorepE11drain_dirtyB9_
FNDA:0,_RNvXININtNtCsk623h5Sljjt_15phenotype_voxel8adapters7storages_0pEINtB5_17VoxelWorldAdapterpEINtNtNtB9_5ports7storage10WorldStorepE12chunks_denseB9_
FNDA:0,_RNvXININtNtCsk623h5Sljjt_15phenotype_voxel8adapters7storages_0pEINtB5_17VoxelWorldAdapterpEINtNtNtB9_5ports7storage10WorldStorepE19uniform_chunk_countB9_
FNDA:0,_RNvXININtNtCsk623h5Sljjt_15phenotype_voxel8adapters7storages_0pEINtB5_17VoxelWorldAdapterpEINtNtNtB9_5ports7storage10WorldStorepE4readB9_
FNDA:0,_RNvXININtNtCsk623h5Sljjt_15phenotype_voxel8adapters7storages_0pEINtB5_17VoxelWorldAdapterpEINtNtNtB9_5ports7storage10WorldStorepE5chunkB9_
FNDA:0,_RNvXININtNtCsk623h5Sljjt_15phenotype_voxel8adapters7storages_0pEINtB5_17VoxelWorldAdapterpEINtNtNtB9_5ports7storage10WorldStorepE5writeB9_
FNDA:0,_RNvXININtNtCsk623h5Sljjt_15phenotype_voxel8adapters7storages_0pEINtB5_17VoxelWorldAdapterpEINtNtNtB9_5ports7storage10WorldStorepE7compactB9_
FNDA:1,_RNCNvNtNtNtCsS6u8qvYazT_15phenotype_voxel8adapters7storage5testss_20write_read_roundtrip0B9_
FNDA:4,_RNvMNtNtCsS6u8qvYazT_15phenotype_voxel8adapters7storageINtB2_17VoxelWorldAdapterhE15with_voxel_spanB6_
FNDA:1,_RNvNtNtNtCsS6u8qvYazT_15phenotype_voxel8adapters7storage5testss_20write_read_roundtrip
FNDA:1,_RNvNtNtNtCsS6u8qvYazT_15phenotype_voxel8adapters7storage5testss_21drain_dirty_is_sorted
FNDA:1,_RNvNtNtNtCsS6u8qvYazT_15phenotype_voxel8adapters7storage5testss_30chunks_dense_iterates_in_order
FNDA:1,_RNvNtNtNtCsS6u8qvYazT_15phenotype_voxel8adapters7storage5testss_30compact_promotes_uniform_chunk
FNDA:3,_RNvXs_NtNtCsS6u8qvYazT_15phenotype_voxel8adapters7storageINtB4_17VoxelWorldAdapterhEINtNtNtB8_5ports7storage10WorldStorehE11chunk_countB8_
FNDA:1,_RNvXs_NtNtCsS6u8qvYazT_15phenotype_voxel8adapters7storageINtB4_17VoxelWorldAdapterhEINtNtNtB8_5ports7storage10WorldStorehE11drain_dirtyB8_
FNDA:2,_RNvXs_NtNtCsS6u8qvYazT_15phenotype_voxel8adapters7storageINtB4_17VoxelWorldAdapterhEINtNtNtB8_5ports7storage10WorldStorehE12chunks_denseB8_
FNDA:1,_RNvXs_NtNtCsS6u8qvYazT_15phenotype_voxel8adapters7storageINtB4_17VoxelWorldAdapterhEINtNtNtB8_5ports7storage10WorldStorehE19uniform_chunk_countB8_
FNDA:2,_RNvXs_NtNtCsS6u8qvYazT_15phenotype_voxel8adapters7storageINtB4_17VoxelWorldAdapterhEINtNtNtB8_5ports7storage10WorldStorehE4readB8_
FNDA:1,_RNvXs_NtNtCsS6u8qvYazT_15phenotype_voxel8adapters7storageINtB4_17VoxelWorldAdapterhEINtNtNtB8_5ports7storage10WorldStorehE5chunkB8_
FNDA:4103,_RNvXs_NtNtCsS6u8qvYazT_15phenotype_voxel8adapters7storageINtB4_17VoxelWorldAdapterhEINtNtNtB8_5ports7storage10WorldStorehE5writeB8_
FNDA:1,_RNvXs_NtNtCsS6u8qvYazT_15phenotype_voxel8adapters7storageINtB4_17VoxelWorldAdapterhEINtNtNtB8_5ports7storage10WorldStorehE7compactB8_
FNDA:0,_RNvMNtNtCsS6u8qvYazT_15phenotype_voxel8adapters7storageINtB2_17VoxelWorldAdapterpE10into_innerB6_
FNDA:0,_RNvMNtNtCsS6u8qvYazT_15phenotype_voxel8adapters7storageINtB2_17VoxelWorldAdapterpE3newB6_
FNDA:0,_RNvMNtNtCsS6u8qvYazT_15phenotype_voxel8adapters7storageINtB2_17VoxelWorldAdapterpE5innerB6_
FNDA:0,_RNvMNtNtCsS6u8qvYazT_15phenotype_voxel8adapters7storageINtB2_17VoxelWorldAdapterpE9inner_mutB6_
FNDA:0,_RNvXININtNtCsS6u8qvYazT_15phenotype_voxel8adapters7storages_0pEINtB5_17VoxelWorldAdapterpEINtNtNtB9_5ports7storage10WorldStorepE10voxel_spanB9_
FNF:19
FNH:14
DA:35,4
DA:36,4
DA:37,4
DA:38,4
DA:39,4
DA:40,4
DA:47,0
DA:51,0
DA:52,0
DA:53,0
DA:54,0
DA:55,0
DA:58,0
DA:59,0
DA:60,0
DA:63,0
DA:64,0
DA:65,0
DA:68,0
DA:69,0
DA:70,0
DA:74,2
DA:75,2
DA:76,2
DA:78,4103
DA:79,4103
DA:80,4103
DA:82,1
DA:83,1
DA:84,1
DA:86,1
DA:87,1
DA:88,1
DA:90,3
DA:91,3
DA:92,3
DA:94,1
DA:95,1
DA:96,1
DA:98,0
DA:99,0
DA:100,0
DA:102,1
DA:103,1
DA:104,1
DA:106,2
DA:109,2
DA:110,2
DA:121,1
DA:122,1
DA:123,1
DA:124,1
DA:125,1
DA:126,1
DA:127,1
DA:128,1
DA:129,1
DA:130,1
DA:131,1
DA:132,1
DA:137,1
DA:138,1
DA:139,1
DA:140,1
DA:141,1
DA:142,1
DA:143,1
DA:144,1
DA:145,1
DA:146,1
DA:147,1
DA:148,1
DA:149,1
DA:150,2
DA:151,2
DA:152,1
DA:154,1
DA:157,1
DA:163,1
DA:164,1
DA:166,16
DA:167,256
DA:168,4096
DA:169,4096
DA:170,4096
DA:171,4096
DA:172,4096
DA:173,4096
DA:174,4096
DA:175,4096
DA:176,4096
DA:177,4096
DA:180,1
DA:181,1
DA:182,1
DA:183,1
DA:185,1
DA:187,1
DA:188,1
DA:193,1
DA:194,1
DA:195,1
DA:196,1
DA:197,1
DA:198,1
DA:199,1
DA:200,1
DA:203,1
DA:204,1
DA:205,1
DA:206,1
DA:207,1
DA:208,1
DA:211,1
DA:212,1
DA:213,1
DA:214,1
DA:215,1
DA:216,1
DA:219,1
DA:221,1
DA:222,1
DA:223,1
DA:224,1
BRF:0
BRH:0
LF:125
LH:107
end_of_record
SF:/Users/kooshapari/CodeProjects/Phenotype/repos/phenotype-voxel/src/bevy_adapter.rs
FN:18,_RNvNtCsk623h5Sljjt_15phenotype_voxel12bevy_adapter12to_bevy_mesh
FN:80,_RNCNvNtNtCsS6u8qvYazT_15phenotype_voxel12bevy_adapter5testss_34converts_meshbuffer_into_bevy_mesh0B7_
FN:18,_RNvNtCsS6u8qvYazT_15phenotype_voxel12bevy_adapter12to_bevy_mesh
FN:39,_RNvNtNtCsS6u8qvYazT_15phenotype_voxel12bevy_adapter5tests18sample_mesh_buffer
FN:74,_RNvNtNtCsS6u8qvYazT_15phenotype_voxel12bevy_adapter5testss_34converts_meshbuffer_into_bevy_mesh
FNDA:0,_RNvNtCsk623h5Sljjt_15phenotype_voxel12bevy_adapter12to_bevy_mesh
FNDA:1,_RNCNvNtNtCsS6u8qvYazT_15phenotype_voxel12bevy_adapter5testss_34converts_meshbuffer_into_bevy_mesh0B7_
FNDA:1,_RNvNtCsS6u8qvYazT_15phenotype_voxel12bevy_adapter12to_bevy_mesh
FNDA:1,_RNvNtNtCsS6u8qvYazT_15phenotype_voxel12bevy_adapter5tests18sample_mesh_buffer
FNDA:1,_RNvNtNtCsS6u8qvYazT_15phenotype_voxel12bevy_adapter5testss_34converts_meshbuffer_into_bevy_mesh
FNF:4
FNH:4
DA:18,1
DA:19,1
DA:20,1
DA:21,1
DA:22,1
DA:24,1
DA:25,1
DA:26,1
DA:28,1
DA:29,1
DA:30,1
DA:31,1
DA:32,1
DA:33,1
DA:39,1
DA:40,1
DA:41,1
DA:42,1
DA:43,1
DA:44,1
DA:45,1
DA:46,1
DA:47,1
DA:48,1
DA:49,1
DA:50,1
DA:51,1
DA:52,1
DA:53,1
DA:54,1
DA:55,1
DA:56,1
DA:57,1
DA:58,1
DA:59,1
DA:60,1
DA:61,1
DA:62,1
DA:63,1
DA:64,1
DA:65,1
DA:66,1
DA:67,1
DA:68,1
DA:69,1
DA:70,1
DA:74,1
DA:75,1
DA:76,1
DA:78,1
DA:79,1
DA:80,1
DA:81,1
DA:83,1
DA:84,1
DA:85,1
DA:86,1
DA:87,1
BRF:0
BRH:0
LF:59
LH:59
end_of_record
SF:/Users/kooshapari/CodeProjects/Phenotype/repos/phenotype-voxel/src/chunk.rs
FN:24,_RNvXNtCsk623h5Sljjt_15phenotype_voxel5chunkINtB2_5ChunkNtNtB4_8material10MaterialIdENtNtCse2qo0L34Llq_4core7default7Default7defaultCs6q0hFvQepU2_26mesher_triangle_regression
FN:24,_RNvXININtCsk623h5Sljjt_15phenotype_voxel5chunk0pEINtB5_5ChunkpENtNtCse2qo0L34Llq_4core7default7Default7defaultB7_
FN:24,_RNvXNtCsk623h5Sljjt_15phenotype_voxel5chunkINtB2_5ChunkNtNtB4_8material10MaterialIdENtNtCse2qo0L34Llq_4core7default7Default7defaultCseB1LPdX8YFH_22perf_regression_guards
FN:24,_RNvXNtCsk623h5Sljjt_15phenotype_voxel5chunkINtB2_5ChunkhENtNtCse2qo0L34Llq_4core7default7Default7defaultCseB1LPdX8YFH_22perf_regression_guards
FN:47,_RNvNtNtCsS6u8qvYazT_15phenotype_voxel5chunk5testss_30chunk_constants_are_consistent
FN:53,_RNvNtNtCsS6u8qvYazT_15phenotype_voxel5chunk5testss_38default_chunk_has_expected_voxel_count
FN:24,_RNvXNtCsS6u8qvYazT_15phenotype_voxel5chunkINtB2_5ChunkNtNtB4_8material10MaterialIdENtNtCse2qo0L34Llq_4core7default7Default7defaultB4_
FN:24,_RNvXNtCsS6u8qvYazT_15phenotype_voxel5chunkINtB2_5ChunkhENtNtCse2qo0L34Llq_4core7default7Default7defaultB4_
FNDA:3,_RNvXNtCsk623h5Sljjt_15phenotype_voxel5chunkINtB2_5ChunkNtNtB4_8material10MaterialIdENtNtCse2qo0L34Llq_4core7default7Default7defaultCs6q0hFvQepU2_26mesher_triangle_regression
FNDA:0,_RNvXININtCsk623h5Sljjt_15phenotype_voxel5chunk0pEINtB5_5ChunkpENtNtCse2qo0L34Llq_4core7default7Default7defaultB7_
FNDA:3,_RNvXNtCsk623h5Sljjt_15phenotype_voxel5chunkINtB2_5ChunkNtNtB4_8material10MaterialIdENtNtCse2qo0L34Llq_4core7default7Default7defaultCseB1LPdX8YFH_22perf_regression_guards
FNDA:3,_RNvXNtCsk623h5Sljjt_15phenotype_voxel5chunkINtB2_5ChunkhENtNtCse2qo0L34Llq_4core7default7Default7defaultCseB1LPdX8YFH_22perf_regression_guards
FNDA:1,_RNvNtNtCsS6u8qvYazT_15phenotype_voxel5chunk5testss_30chunk_constants_are_consistent
FNDA:1,_RNvNtNtCsS6u8qvYazT_15phenotype_voxel5chunk5testss_38default_chunk_has_expected_voxel_count
FNDA:34,_RNvXNtCsS6u8qvYazT_15phenotype_voxel5chunkINtB2_5ChunkNtNtB4_8material10MaterialIdENtNtCse2qo0L34Llq_4core7default7Default7defaultB4_
FNDA:7,_RNvXNtCsS6u8qvYazT_15phenotype_voxel5chunkINtB2_5ChunkhENtNtCse2qo0L34Llq_4core7default7Default7defaultB4_
FNF:3
FNH:3
DA:24,50
DA:25,50
DA:26,50
DA:27,50
DA:28,50
DA:47,1
DA:48,1
DA:49,1
DA:53,1
DA:54,1
DA:55,1
DA:56,1
BRF:0
BRH:0
LF:12
LH:12
end_of_record
SF:/Users/kooshapari/CodeProjects/Phenotype/repos/phenotype-voxel/src/coord.rs
FN:38,_RNvMNtCsk623h5Sljjt_15phenotype_voxel5coordNtB2_10ChunkCoord8chunk_id
FN:51,_RNvNtCsk623h5Sljjt_15phenotype_voxel5coord14to_chunk_coord
FN:38,_RNvMNtCsS6u8qvYazT_15phenotype_voxel5coordNtB2_10ChunkCoord8chunk_id
FN:51,_RNvNtCsS6u8qvYazT_15phenotype_voxel5coord14to_chunk_coord
FN:66,_RNvNtNtCsS6u8qvYazT_15phenotype_voxel5coord5testss_27origin_maps_to_origin_chunk
FN:83,_RNvNtNtCsS6u8qvYazT_15phenotype_voxel5coord5testss_38negative_coords_use_euclidean_division
FNDA:24580,_RNvMNtCsk623h5Sljjt_15phenotype_voxel5coordNtB2_10ChunkCoord8chunk_id
FNDA:24581,_RNvNtCsk623h5Sljjt_15phenotype_voxel5coord14to_chunk_coord
FNDA:24619,_RNvMNtCsS6u8qvYazT_15phenotype_voxel5coordNtB2_10ChunkCoord8chunk_id
FNDA:24640,_RNvNtCsS6u8qvYazT_15phenotype_voxel5coord14to_chunk_coord
FNDA:1,_RNvNtNtCsS6u8qvYazT_15phenotype_voxel5coord5testss_27origin_maps_to_origin_chunk
FNDA:1,_RNvNtNtCsS6u8qvYazT_15phenotype_voxel5coord5testss_38negative_coords_use_euclidean_division
FNF:4
FNH:4
DA:38,49199
DA:41,49199
DA:42,49199
DA:43,49199
DA:44,49199
DA:45,49199
DA:51,49221
DA:52,49221
DA:53,49221
DA:54,49221
DA:55,49221
DA:56,49221
DA:57,49221
DA:58,49221
DA:66,1
DA:67,1
DA:68,1
DA:69,1
DA:77,1
DA:83,1
DA:84,1
DA:85,1
DA:86,1
DA:87,1
DA:88,1
DA:89,1
DA:90,1
DA:91,1
DA:92,1
DA:93,1
BRF:0
BRH:0
LF:30
LH:30
end_of_record
SF:/Users/kooshapari/CodeProjects/Phenotype/repos/phenotype-voxel/src/cubic_mesher.rs
FN:180,_RINvNtCsk623h5Sljjt_15phenotype_voxel12cubic_mesher7face_aoNtNtB4_8material10MaterialIdECs6q0hFvQepU2_26mesher_triangle_regression
FN:138,_RINvNtCsk623h5Sljjt_15phenotype_voxel12cubic_mesher8solid_atNtNtB4_8material10MaterialIdECs6q0hFvQepU2_26mesher_triangle_regression
FN:259,_RINvNtCsk623h5Sljjt_15phenotype_voxel12cubic_mesher9emit_faceNtNtB4_8material10MaterialIdECs6q0hFvQepU2_26mesher_triangle_regression
FN:228,_RNCINvNtCsk623h5Sljjt_15phenotype_voxel12cubic_mesher7face_aoNtNtB6_8material10MaterialIdE0Cs6q0hFvQepU2_26mesher_triangle_regression
FN:273,_RNCINvNtCsk623h5Sljjt_15phenotype_voxel12cubic_mesher9emit_faceNtNtB6_8material10MaterialIdE0Cs6q0hFvQepU2_26mesher_triangle_regression
FN:71,_RNvMs1_NtCsk623h5Sljjt_15phenotype_voxel12cubic_mesherINtB5_11CubicMesherNtNtB7_8material10MaterialIdE10mesh_cubicCs6q0hFvQepU2_26mesher_triangle_regression
FN:108,_RNvNtCsk623h5Sljjt_15phenotype_voxel12cubic_mesher3idxCs6q0hFvQepU2_26mesher_triangle_regression
FN:113,_RNvNtCsk623h5Sljjt_15phenotype_voxel12cubic_mesher9in_boundsCs6q0hFvQepU2_26mesher_triangle_regression
FN:121,_RNvNtCsk623h5Sljjt_15phenotype_voxel12cubic_mesher9neighbourCs6q0hFvQepU2_26mesher_triangle_regression
FN:152,_RNvNtCsk623h5Sljjt_15phenotype_voxel12cubic_mesher9vertex_aoCs6q0hFvQepU2_26mesher_triangle_regression
FN:30,_RNvXNtCsk623h5Sljjt_15phenotype_voxel12cubic_mesherNtNtB4_8material10MaterialIdNtB2_10CubicVoxel8is_solid
FN:33,_RNvXNtCsk623h5Sljjt_15phenotype_voxel12cubic_mesherNtNtB4_8material10MaterialIdNtB2_10CubicVoxel8material
FN:180,_RINvNtCsk623h5Sljjt_15phenotype_voxel12cubic_mesher7face_aopEB4_
FN:138,_RINvNtCsk623h5Sljjt_15phenotype_voxel12cubic_mesher8solid_atpEB4_
FN:259,_RINvNtCsk623h5Sljjt_15phenotype_voxel12cubic_mesher9emit_facepEB4_
FN:228,_RNCINvNtCsk623h5Sljjt_15phenotype_voxel12cubic_mesher7face_aopE0B6_
FN:273,_RNCINvNtCsk623h5Sljjt_15phenotype_voxel12cubic_mesher9emit_facepE0B6_
FN:71,_RNvMs1_NtCsk623h5Sljjt_15phenotype_voxel12cubic_mesherINtB5_11CubicMesherpE10mesh_cubicB7_
FN:48,_RNvMs_NtCsk623h5Sljjt_15phenotype_voxel12cubic_mesherINtB4_11CubicMesherpE3newB6_
FN:108,_RNvNtCsk623h5Sljjt_15phenotype_voxel12cubic_mesher3idxB3_
FN:113,_RNvNtCsk623h5Sljjt_15phenotype_voxel12cubic_mesher9in_boundsB3_
FN:121,_RNvNtCsk623h5Sljjt_15phenotype_voxel12cubic_mesher9neighbourB3_
FN:152,_RNvNtCsk623h5Sljjt_15phenotype_voxel12cubic_mesher9vertex_aoB3_
FN:59,_RNvXININtCsk623h5Sljjt_15phenotype_voxel12cubic_meshers0_0pEINtB5_11CubicMesherpENtNtB7_4mesh6Mesher10mesh_chunkB7_
FN:180,_RINvNtCsk623h5Sljjt_15phenotype_voxel12cubic_mesher7face_aoNtNtB4_8material10MaterialIdECseB1LPdX8YFH_22perf_regression_guards
FN:138,_RINvNtCsk623h5Sljjt_15phenotype_voxel12cubic_mesher8solid_atNtNtB4_8material10MaterialIdECseB1LPdX8YFH_22perf_regression_guards
FN:259,_RINvNtCsk623h5Sljjt_15phenotype_voxel12cubic_mesher9emit_faceNtNtB4_8material10MaterialIdECseB1LPdX8YFH_22perf_regression_guards
FN:228,_RNCINvNtCsk623h5Sljjt_15phenotype_voxel12cubic_mesher7face_aoNtNtB6_8material10MaterialIdE0CseB1LPdX8YFH_22perf_regression_guards
FN:273,_RNCINvNtCsk623h5Sljjt_15phenotype_voxel12cubic_mesher9emit_faceNtNtB6_8material10MaterialIdE0CseB1LPdX8YFH_22perf_regression_guards
FN:71,_RNvMs1_NtCsk623h5Sljjt_15phenotype_voxel12cubic_mesherINtB5_11CubicMesherNtNtB7_8material10MaterialIdE10mesh_cubicCseB1LPdX8YFH_22perf_regression_guards
FN:108,_RNvNtCsk623h5Sljjt_15phenotype_voxel12cubic_mesher3idxCseB1LPdX8YFH_22perf_regression_guards
FN:113,_RNvNtCsk623h5Sljjt_15phenotype_voxel12cubic_mesher9in_boundsCseB1LPdX8YFH_22perf_regression_guards
FN:121,_RNvNtCsk623h5Sljjt_15phenotype_voxel12cubic_mesher9neighbourCseB1LPdX8YFH_22perf_regression_guards
FN:152,_RNvNtCsk623h5Sljjt_15phenotype_voxel12cubic_mesher9vertex_aoCseB1LPdX8YFH_22perf_regression_guards
FN:180,_RINvNtCsS6u8qvYazT_15phenotype_voxel12cubic_mesher7face_aoNtNtB4_8material10MaterialIdEB4_
FN:138,_RINvNtCsS6u8qvYazT_15phenotype_voxel12cubic_mesher8solid_atNtNtB4_8material10MaterialIdEB4_
FN:259,_RINvNtCsS6u8qvYazT_15phenotype_voxel12cubic_mesher9emit_faceNtNtB4_8material10MaterialIdEB4_
FN:228,_RNCINvNtCsS6u8qvYazT_15phenotype_voxel12cubic_mesher7face_aoNtNtB6_8material10MaterialIdE0B6_
FN:273,_RNCINvNtCsS6u8qvYazT_15phenotype_voxel12cubic_mesher9emit_faceNtNtB6_8material10MaterialIdE0B6_
FN:535,_RNCNvNtNtCsS6u8qvYazT_15phenotype_voxel12cubic_mesher5testss_24face_normals_are_outward0B7_
FN:553,_RNCNvNtNtCsS6u8qvYazT_15phenotype_voxel12cubic_mesher5testss_32vertex_material_ids_match_voxels0B7_
FN:554,_RNCNvNtNtCsS6u8qvYazT_15phenotype_voxel12cubic_mesher5testss_32vertex_material_ids_match_voxelss_0B7_
FN:589,_RNCNvNtNtCsS6u8qvYazT_15phenotype_voxel12cubic_mesher5testss_43fully_exposed_voxel_has_ao_three_everywhere0B7_
FN:652,_RNCNvNtNtCsS6u8qvYazT_15phenotype_voxel12cubic_mesher5testss_49crevice_voxel_has_reduced_ao_on_occluded_vertices0B7_
FN:71,_RNvMs1_NtCsS6u8qvYazT_15phenotype_voxel12cubic_mesherINtB5_11CubicMesherNtNtB7_8material10MaterialIdE10mesh_cubicB7_
FN:48,_RNvMs_NtCsS6u8qvYazT_15phenotype_voxel12cubic_mesherINtB4_11CubicMesherNtNtB6_8material10MaterialIdE3newB6_
FN:108,_RNvNtCsS6u8qvYazT_15phenotype_voxel12cubic_mesher3idxB3_
FN:113,_RNvNtCsS6u8qvYazT_15phenotype_voxel12cubic_mesher9in_boundsB3_
FN:121,_RNvNtCsS6u8qvYazT_15phenotype_voxel12cubic_mesher9neighbourB3_
FN:152,_RNvNtCsS6u8qvYazT_15phenotype_voxel12cubic_mesher9vertex_aoB3_
FN:357,_RNvNtNtCsS6u8qvYazT_15phenotype_voxel12cubic_mesher5tests28single_voxel_chunk_at_origin
FN:561,_RNvNtNtCsS6u8qvYazT_15phenotype_voxel12cubic_mesher5testss_22index_buffer_in_bounds
FN:662,_RNvNtNtCsS6u8qvYazT_15phenotype_voxel12cubic_mesher5testss_23empty_chunk_ao_is_empty
FN:452,_RNvNtNtCsS6u8qvYazT_15phenotype_voxel12cubic_mesher5testss_23wrong_chunk_size_errors
FN:439,_RNvNtNtCsS6u8qvYazT_15phenotype_voxel12cubic_mesher5testss_24empty_chunk_meshes_empty
FN:518,_RNvNtNtCsS6u8qvYazT_15phenotype_voxel12cubic_mesher5testss_24face_normals_are_outward
FN:405,_RNvNtNtCsS6u8qvYazT_15phenotype_voxel12cubic_mesher5testss_24meshing_is_deterministic
FN:486,_RNvNtNtCsS6u8qvYazT_15phenotype_voxel12cubic_mesher5testss_27buried_voxel_emits_no_faces
FN:597,_RNvNtNtCsS6u8qvYazT_15phenotype_voxel12cubic_mesher5testss_29ao_length_equals_vertex_count
FN:392,_RNvNtNtCsS6u8qvYazT_15phenotype_voxel12cubic_mesher5testss_32single_voxel_emits_all_six_faces
FN:544,_RNvNtNtCsS6u8qvYazT_15phenotype_voxel12cubic_mesher5testss_32vertex_material_ids_match_voxels
FN:424,_RNvNtNtCsS6u8qvYazT_15phenotype_voxel12cubic_mesher5testss_33adjacent_voxels_cull_shared_faces
FN:614,_RNvNtNtCsS6u8qvYazT_15phenotype_voxel12cubic_mesher5testss_34ao_does_not_change_triangle_counts
FN:466,_RNvNtNtCsS6u8qvYazT_15phenotype_voxel12cubic_mesher5testss_37voxel_at_chunk_corner_emits_six_faces
FN:367,_RNvNtNtCsS6u8qvYazT_15phenotype_voxel12cubic_mesher5testss_42mesher_trait_mesh_chunk_matches_mesh_cubic
FN:581,_RNvNtNtCsS6u8qvYazT_15phenotype_voxel12cubic_mesher5testss_43fully_exposed_voxel_has_ao_three_everywhere
FN:634,_RNvNtNtCsS6u8qvYazT_15phenotype_voxel12cubic_mesher5testss_49crevice_voxel_has_reduced_ao_on_occluded_vertices
FN:30,_RNvXNtCsS6u8qvYazT_15phenotype_voxel12cubic_mesherNtNtB4_8material10MaterialIdNtB2_10CubicVoxel8is_solid
FN:33,_RNvXNtCsS6u8qvYazT_15phenotype_voxel12cubic_mesherNtNtB4_8material10MaterialIdNtB2_10CubicVoxel8material
FN:59,_RNvXs0_NtCsS6u8qvYazT_15phenotype_voxel12cubic_mesherINtB5_11CubicMesherNtNtB7_8material10MaterialIdENtNtB7_4mesh6Mesher10mesh_chunkB7_
FNDA:28416,_RINvNtCsk623h5Sljjt_15phenotype_voxel12cubic_mesher7face_aoNtNtB4_8material10MaterialIdECs6q0hFvQepU2_26mesher_triangle_regression
FNDA:340992,_RINvNtCsk623h5Sljjt_15phenotype_voxel12cubic_mesher8solid_atNtNtB4_8material10MaterialIdECs6q0hFvQepU2_26mesher_triangle_regression
FNDA:14208,_RINvNtCsk623h5Sljjt_15phenotype_voxel12cubic_mesher9emit_faceNtNtB4_8material10MaterialIdECs6q0hFvQepU2_26mesher_triangle_regression
FNDA:113664,_RNCINvNtCsk623h5Sljjt_15phenotype_voxel12cubic_mesher7face_aoNtNtB6_8material10MaterialIdE0Cs6q0hFvQepU2_26mesher_triangle_regression
FNDA:56832,_RNCINvNtCsk623h5Sljjt_15phenotype_voxel12cubic_mesher9emit_faceNtNtB6_8material10MaterialIdE0Cs6q0hFvQepU2_26mesher_triangle_regression
FNDA:4,_RNvMs1_NtCsk623h5Sljjt_15phenotype_voxel12cubic_mesherINtB5_11CubicMesherNtNtB7_8material10MaterialIdE10mesh_cubicCs6q0hFvQepU2_26mesher_triangle_regression
FNDA:362749,_RNvNtCsk623h5Sljjt_15phenotype_voxel12cubic_mesher3idxCs6q0hFvQepU2_26mesher_triangle_regression
FNDA:378240,_RNvNtCsk623h5Sljjt_15phenotype_voxel12cubic_mesher9in_boundsCs6q0hFvQepU2_26mesher_triangle_regression
FNDA:37248,_RNvNtCsk623h5Sljjt_15phenotype_voxel12cubic_mesher9neighbourCs6q0hFvQepU2_26mesher_triangle_regression
FNDA:113664,_RNvNtCsk623h5Sljjt_15phenotype_voxel12cubic_mesher9vertex_aoCs6q0hFvQepU2_26mesher_triangle_regression
FNDA:699179,_RNvXNtCsk623h5Sljjt_15phenotype_voxel12cubic_mesherNtNtB4_8material10MaterialIdNtB2_10CubicVoxel8is_solid
FNDA:26561,_RNvXNtCsk623h5Sljjt_15phenotype_voxel12cubic_mesherNtNtB4_8material10MaterialIdNtB2_10CubicVoxel8material
FNDA:0,_RINvNtCsk623h5Sljjt_15phenotype_voxel12cubic_mesher7face_aopEB4_
FNDA:0,_RINvNtCsk623h5Sljjt_15phenotype_voxel12cubic_mesher8solid_atpEB4_
FNDA:0,_RINvNtCsk623h5Sljjt_15phenotype_voxel12cubic_mesher9emit_facepEB4_
FNDA:0,_RNCINvNtCsk623h5Sljjt_15phenotype_voxel12cubic_mesher7face_aopE0B6_
FNDA:0,_RNCINvNtCsk623h5Sljjt_15phenotype_voxel12cubic_mesher9emit_facepE0B6_
FNDA:0,_RNvMs1_NtCsk623h5Sljjt_15phenotype_voxel12cubic_mesherINtB5_11CubicMesherpE10mesh_cubicB7_
FNDA:0,_RNvMs_NtCsk623h5Sljjt_15phenotype_voxel12cubic_mesherINtB4_11CubicMesherpE3newB6_
FNDA:0,_RNvNtCsk623h5Sljjt_15phenotype_voxel12cubic_mesher3idxB3_
FNDA:0,_RNvNtCsk623h5Sljjt_15phenotype_voxel12cubic_mesher9in_boundsB3_
FNDA:0,_RNvNtCsk623h5Sljjt_15phenotype_voxel12cubic_mesher9neighbourB3_
FNDA:0,_RNvNtCsk623h5Sljjt_15phenotype_voxel12cubic_mesher9vertex_aoB3_
FNDA:0,_RNvXININtCsk623h5Sljjt_15phenotype_voxel12cubic_meshers0_0pEINtB5_11CubicMesherpENtNtB7_4mesh6Mesher10mesh_chunkB7_
FNDA:13830,_RINvNtCsk623h5Sljjt_15phenotype_voxel12cubic_mesher7face_aoNtNtB4_8material10MaterialIdECseB1LPdX8YFH_22perf_regression_guards
FNDA:165960,_RINvNtCsk623h5Sljjt_15phenotype_voxel12cubic_mesher8solid_atNtNtB4_8material10MaterialIdECseB1LPdX8YFH_22perf_regression_guards
FNDA:13830,_RINvNtCsk623h5Sljjt_15phenotype_voxel12cubic_mesher9emit_faceNtNtB4_8material10MaterialIdECseB1LPdX8YFH_22perf_regression_guards
FNDA:55320,_RNCINvNtCsk623h5Sljjt_15phenotype_voxel12cubic_mesher7face_aoNtNtB6_8material10MaterialIdE0CseB1LPdX8YFH_22perf_regression_guards
FNDA:55320,_RNCINvNtCsk623h5Sljjt_15phenotype_voxel12cubic_mesher9emit_faceNtNtB6_8material10MaterialIdE0CseB1LPdX8YFH_22perf_regression_guards
FNDA:4,_RNvMs1_NtCsk623h5Sljjt_15phenotype_voxel12cubic_mesherINtB5_11CubicMesherNtNtB7_8material10MaterialIdE10mesh_cubicCseB1LPdX8YFH_22perf_regression_guards
FNDA:203257,_RNvNtCsk623h5Sljjt_15phenotype_voxel12cubic_mesher3idxCseB1LPdX8YFH_22perf_regression_guards
FNDA:202830,_RNvNtCsk623h5Sljjt_15phenotype_voxel12cubic_mesher9in_boundsCseB1LPdX8YFH_22perf_regression_guards
FNDA:36870,_RNvNtCsk623h5Sljjt_15phenotype_voxel12cubic_mesher9neighbourCseB1LPdX8YFH_22perf_regression_guards
FNDA:55320,_RNvNtCsk623h5Sljjt_15phenotype_voxel12cubic_mesher9vertex_aoCseB1LPdX8YFH_22perf_regression_guards
FNDA:596,_RINvNtCsS6u8qvYazT_15phenotype_voxel12cubic_mesher7face_aoNtNtB4_8material10MaterialIdEB4_
FNDA:7152,_RINvNtCsS6u8qvYazT_15phenotype_voxel12cubic_mesher8solid_atNtNtB4_8material10MaterialIdEB4_
FNDA:336,_RINvNtCsS6u8qvYazT_15phenotype_voxel12cubic_mesher9emit_faceNtNtB4_8material10MaterialIdEB4_
FNDA:2384,_RNCINvNtCsS6u8qvYazT_15phenotype_voxel12cubic_mesher7face_aoNtNtB6_8material10MaterialIdE0B6_
FNDA:1344,_RNCINvNtCsS6u8qvYazT_15phenotype_voxel12cubic_mesher9emit_faceNtNtB6_8material10MaterialIdE0B6_
FNDA:144,_RNCNvNtNtCsS6u8qvYazT_15phenotype_voxel12cubic_mesher5testss_24face_normals_are_outward0B7_
FNDA:1,_RNCNvNtNtCsS6u8qvYazT_15phenotype_voxel12cubic_mesher5testss_32vertex_material_ids_match_voxels0B7_
FNDA:21,_RNCNvNtNtCsS6u8qvYazT_15phenotype_voxel12cubic_mesher5testss_32vertex_material_ids_match_voxelss_0B7_
FNDA:24,_RNCNvNtNtCsS6u8qvYazT_15phenotype_voxel12cubic_mesher5testss_43fully_exposed_voxel_has_ao_three_everywhere0B7_
FNDA:2,_RNCNvNtNtCsS6u8qvYazT_15phenotype_voxel12cubic_mesher5testss_49crevice_voxel_has_reduced_ao_on_occluded_vertices0B7_
FNDA:23,_RNvMs1_NtCsS6u8qvYazT_15phenotype_voxel12cubic_mesherINtB5_11CubicMesherNtNtB7_8material10MaterialIdE10mesh_cubicB7_
FNDA:1,_RNvMs_NtCsS6u8qvYazT_15phenotype_voxel12cubic_mesherINtB4_11CubicMesherNtNtB6_8material10MaterialIdE3newB6_
FNDA:95903,_RNvNtCsS6u8qvYazT_15phenotype_voxel12cubic_mesher3idxB3_
FNDA:7836,_RNvNtCsS6u8qvYazT_15phenotype_voxel12cubic_mesher9in_boundsB3_
FNDA:684,_RNvNtCsS6u8qvYazT_15phenotype_voxel12cubic_mesher9neighbourB3_
FNDA:2384,_RNvNtCsS6u8qvYazT_15phenotype_voxel12cubic_mesher9vertex_aoB3_
FNDA:8,_RNvNtNtCsS6u8qvYazT_15phenotype_voxel12cubic_mesher5tests28single_voxel_chunk_at_origin
FNDA:1,_RNvNtNtCsS6u8qvYazT_15phenotype_voxel12cubic_mesher5testss_22index_buffer_in_bounds
FNDA:1,_RNvNtNtCsS6u8qvYazT_15phenotype_voxel12cubic_mesher5testss_23empty_chunk_ao_is_empty
FNDA:1,_RNvNtNtCsS6u8qvYazT_15phenotype_voxel12cubic_mesher5testss_23wrong_chunk_size_errors
FNDA:1,_RNvNtNtCsS6u8qvYazT_15phenotype_voxel12cubic_mesher5testss_24empty_chunk_meshes_empty
FNDA:1,_RNvNtNtCsS6u8qvYazT_15phenotype_voxel12cubic_mesher5testss_24face_normals_are_outward
FNDA:1,_RNvNtNtCsS6u8qvYazT_15phenotype_voxel12cubic_mesher5testss_24meshing_is_deterministic
FNDA:1,_RNvNtNtCsS6u8qvYazT_15phenotype_voxel12cubic_mesher5testss_27buried_voxel_emits_no_faces
FNDA:1,_RNvNtNtCsS6u8qvYazT_15phenotype_voxel12cubic_mesher5testss_29ao_length_equals_vertex_count
FNDA:1,_RNvNtNtCsS6u8qvYazT_15phenotype_voxel12cubic_mesher5testss_32single_voxel_emits_all_six_faces
FNDA:1,_RNvNtNtCsS6u8qvYazT_15phenotype_voxel12cubic_mesher5testss_32vertex_material_ids_match_voxels
FNDA:1,_RNvNtNtCsS6u8qvYazT_15phenotype_voxel12cubic_mesher5testss_33adjacent_voxels_cull_shared_faces
FNDA:1,_RNvNtNtCsS6u8qvYazT_15phenotype_voxel12cubic_mesher5testss_34ao_does_not_change_triangle_counts
FNDA:1,_RNvNtNtCsS6u8qvYazT_15phenotype_voxel12cubic_mesher5testss_37voxel_at_chunk_corner_emits_six_faces
FNDA:1,_RNvNtNtCsS6u8qvYazT_15phenotype_voxel12cubic_mesher5testss_42mesher_trait_mesh_chunk_matches_mesh_cubic
FNDA:1,_RNvNtNtCsS6u8qvYazT_15phenotype_voxel12cubic_mesher5testss_43fully_exposed_voxel_has_ao_three_everywhere
FNDA:1,_RNvNtNtCsS6u8qvYazT_15phenotype_voxel12cubic_mesher5testss_49crevice_voxel_has_reduced_ao_on_occluded_vertices
FNDA:415740,_RNvXNtCsS6u8qvYazT_15phenotype_voxel12cubic_mesherNtNtB4_8material10MaterialIdNtB2_10CubicVoxel8is_solid
FNDA:374,_RNvXNtCsS6u8qvYazT_15phenotype_voxel12cubic_mesherNtNtB4_8material10MaterialIdNtB2_10CubicVoxel8material
FNDA:1,_RNvXs0_NtCsS6u8qvYazT_15phenotype_voxel12cubic_mesherINtB5_11CubicMesherNtNtB7_8material10MaterialIdENtNtB7_4mesh6Mesher10mesh_chunkB7_
FNF:36
FNH:36
DA:30,1114919
DA:31,1114919
DA:32,1114919
DA:33,26935
DA:34,26935
DA:35,26935
DA:48,1
DA:49,1
DA:50,1
DA:59,1
DA:60,1
DA:61,1
DA:71,31
DA:72,31
DA:73,31
DA:74,1
DA:75,1
DA:76,1
DA:77,1
DA:78,30
DA:79,30
DA:80,30
DA:82,480
DA:83,7680
DA:84,122880
DA:85,122880
DA:86,122880
DA:87,110413
DA:88,12467
DA:89,12467
DA:92,74802
DA:93,74802
DA:94,74802
DA:95,74802
DA:96,74802
DA:97,28374
DA:98,46428
DA:103,30
DA:104,31
DA:108,661909
DA:109,661909
DA:110,661909
DA:113,588906
DA:114,588906
DA:115,588906
DA:116,588906
DA:121,74802
DA:122,74802
DA:123,12467
DA:124,12467
DA:125,12467
DA:126,12467
DA:127,12467
DA:128,12467
DA:130,74802
DA:138,514104
DA:139,514104
DA:140,45078
DA:141,469026
DA:142,469026
DA:143,514104
DA:152,171368
DA:153,171368
DA:154,16842
DA:156,154526
DA:158,171368
DA:180,42842
DA:201,42842
DA:202,42842
DA:203,7122
DA:204,7122
DA:205,7171
DA:206,7171
DA:207,7128
DA:208,7128
DA:226,42842
DA:228,171368
DA:229,171368
DA:230,171368
DA:231,171368
DA:232,171368
DA:233,171368
DA:234,171368
DA:235,171368
DA:237,171368
DA:238,171368
DA:240,42842
DA:241,42842
DA:242,42842
DA:243,42842
DA:244,42842
DA:245,42842
DA:246,42842
DA:259,28374
DA:260,28374
DA:261,28374
DA:262,28374
DA:263,28374
DA:264,28374
DA:265,28374
DA:266,28374
DA:267,28374
DA:268,28374
DA:269,28374
DA:270,28374
DA:273,113496
DA:275,28374
DA:276,4720
DA:277,4720
DA:278,4720
DA:279,4720
DA:280,4720
DA:281,4720
DA:282,4720
DA:283,4720
DA:284,4720
DA:285,4720
DA:286,4720
DA:287,4720
DA:288,4720
DA:289,4720
DA:290,4720
DA:291,4720
DA:292,4720
DA:293,4720
DA:294,4744
DA:295,4744
DA:296,4744
DA:297,4744
DA:298,4744
DA:299,4744
DA:300,4744
DA:301,4744
DA:302,4744
DA:303,4744
DA:304,4744
DA:305,4744
DA:306,4744
DA:307,4744
DA:308,4744
DA:309,4744
DA:310,4744
DA:311,4744
DA:312,4723
DA:313,4723
DA:314,4723
DA:315,4723
DA:316,4723
DA:317,4723
DA:318,4723
DA:319,4723
DA:320,4723
DA:321,4723
DA:322,4723
DA:323,4723
DA:324,4723
DA:325,4723
DA:326,4723
DA:327,4723
DA:328,4723
DA:329,4723
DA:333,28374
DA:335,28374
DA:336,28374
DA:337,113496
DA:338,113496
DA:339,113496
DA:340,113496
DA:341,113496
DA:342,113496
DA:343,113496
DA:344,113496
DA:345,113496
DA:347,28374
DA:348,28374
DA:349,28374
DA:357,8
DA:358,8
DA:359,8
DA:360,8
DA:361,8
DA:367,1
DA:368,1
DA:369,1
DA:370,1
DA:371,1
DA:372,1
DA:373,1
DA:374,1
DA:375,1
DA:376,1
DA:377,1
DA:378,1
DA:379,1
DA:380,1
DA:381,1
DA:382,1
DA:383,1
DA:387,1
DA:392,1
DA:393,1
DA:394,1
DA:395,1
DA:396,1
DA:397,1
DA:398,1
DA:399,1
DA:400,1
DA:401,1
DA:405,1
DA:406,1
DA:407,1
DA:408,1
DA:409,1
DA:410,1
DA:411,1
DA:412,1
DA:413,1
DA:414,1
DA:415,1
DA:416,1
DA:417,1
DA:418,1
DA:424,1
DA:425,1
DA:426,1
DA:427,1
DA:428,1
DA:429,1
DA:430,1
DA:431,1
DA:432,1
DA:433,1
DA:434,1
DA:435,1
DA:439,1
DA:440,1
DA:441,1
DA:442,1
DA:443,1
DA:444,1
DA:445,1
DA:446,1
DA:447,1
DA:448,1
DA:452,1
DA:453,1
DA:454,1
DA:455,1
DA:456,1
DA:457,1
DA:458,1
DA:459,1
DA:460,1
DA:466,1
DA:467,1
DA:468,1
DA:469,1
DA:470,1
DA:471,1
DA:472,1
DA:473,1
DA:474,1
DA:475,1
DA:476,1
DA:480,1
DA:481,1
DA:486,1
DA:487,1
DA:489,3
DA:490,9
DA:491,27
DA:492,27
DA:493,27
DA:500,1
DA:501,1
DA:502,1
DA:503,1
DA:504,1
DA:506,1
DA:507,1
DA:511,1
DA:512,1
DA:518,1
DA:519,1
DA:520,1
DA:521,1
DA:522,1
DA:523,1
DA:524,1
DA:526,1
DA:527,1
DA:528,1
DA:529,1
DA:530,1
DA:531,1
DA:532,1
DA:533,1
DA:534,6
DA:535,144
DA:536,6
DA:538,1
DA:544,1
DA:545,1
DA:546,1
DA:547,1
DA:548,1
DA:549,1
DA:550,1
DA:551,1
DA:552,1
DA:553,1
DA:554,21
DA:555,1
DA:556,1
DA:557,1
DA:561,1
DA:562,1
DA:563,1
DA:564,1
DA:565,1
DA:566,1
DA:567,1
DA:568,1
DA:569,36
DA:570,36
DA:572,1
DA:581,1
DA:582,1
DA:583,1
DA:584,1
DA:585,1
DA:586,1
DA:587,1
DA:588,1
DA:589,24
DA:593,1
DA:597,1
DA:598,1
DA:599,1
DA:600,1
DA:601,1
DA:602,1
DA:603,1
DA:604,1
DA:605,1
DA:606,1
DA:609,1
DA:614,1
DA:615,1
DA:616,1
DA:617,1
DA:618,1
DA:619,1
DA:620,1
DA:621,1
DA:622,1
DA:623,1
DA:634,1
DA:635,1
DA:637,1
DA:639,1
DA:640,1
DA:643,1
DA:645,1
DA:646,1
DA:647,1
DA:648,1
DA:649,1
DA:651,1
DA:652,2
DA:657,1
DA:658,1
DA:662,1
DA:663,1
DA:664,1
DA:665,1
DA:666,1
DA:667,1
DA:668,1
DA:669,1
DA:670,1
DA:673,1
BRF:0
BRH:0
LF:390
LH:390
end_of_record
SF:/Users/kooshapari/CodeProjects/Phenotype/repos/phenotype-voxel/src/delta.rs
FN:22,_RNvMNtCsk623h5Sljjt_15phenotype_voxel5deltaNtB2_8WriteSeq7advance
FN:22,_RNvMNtCsS6u8qvYazT_15phenotype_voxel5deltaNtB2_8WriteSeq7advance
FN:44,_RNvNtNtCsS6u8qvYazT_15phenotype_voxel5delta5testss_26writeseq_next_is_monotonic
FN:58,_RNvNtNtCsS6u8qvYazT_15phenotype_voxel5delta5testss_29events_sort_deterministically
FNDA:24580,_RNvMNtCsk623h5Sljjt_15phenotype_voxel5deltaNtB2_8WriteSeq7advance
FNDA:24619,_RNvMNtCsS6u8qvYazT_15phenotype_voxel5deltaNtB2_8WriteSeq7advance
FNDA:1,_RNvNtNtCsS6u8qvYazT_15phenotype_voxel5delta5testss_26writeseq_next_is_monotonic
FNDA:1,_RNvNtNtCsS6u8qvYazT_15phenotype_voxel5delta5testss_29events_sort_deterministically
FNF:3
FNH:3
DA:22,49199
DA:23,49199
DA:24,49199
DA:25,49199
DA:26,49199
DA:44,1
DA:45,1
DA:46,1
DA:47,1
DA:48,1
DA:49,1
DA:50,1
DA:51,1
DA:52,1
DA:53,1
DA:58,1
DA:59,1
DA:60,1
DA:61,1
DA:62,1
DA:63,1
DA:64,1
DA:65,1
DA:66,1
DA:67,1
DA:68,1
DA:69,1
DA:70,1
DA:71,1
DA:72,1
DA:73,1
DA:74,1
DA:75,1
DA:77,1
DA:78,1
DA:79,1
DA:80,1
DA:81,1
DA:82,1
DA:83,1
DA:84,1
DA:85,1
DA:86,1
DA:87,1
BRF:0
BRH:0
LF:44
LH:44
end_of_record
SF:/Users/kooshapari/CodeProjects/Phenotype/repos/phenotype-voxel/src/fixtures.rs
FN:121,_RNvNtCsk623h5Sljjt_15phenotype_voxel8fixtures14sort_and_dedup
FN:30,_RNvNtCsk623h5Sljjt_15phenotype_voxel8fixtures15sample_sequence
FN:57,_RNvNtCsk623h5Sljjt_15phenotype_voxel8fixtures16sample_with_ties
FN:95,_RNvNtCsk623h5Sljjt_15phenotype_voxel8fixtures21sample_lod_transition
FN:151,_RNCNvNtNtCsS6u8qvYazT_15phenotype_voxel8fixtures5testss_20dedup_collapses_ties0B7_
FN:156,_RNCNvNtNtCsS6u8qvYazT_15phenotype_voxel8fixtures5testss_20dedup_collapses_tiess_0B7_
FN:168,_RNCNvNtNtCsS6u8qvYazT_15phenotype_voxel8fixtures5testss_30lod_transition_preserves_order0B7_
FN:172,_RNCNvNtNtCsS6u8qvYazT_15phenotype_voxel8fixtures5testss_30lod_transition_preserves_orders_0B7_
FN:121,_RNvNtCsS6u8qvYazT_15phenotype_voxel8fixtures14sort_and_dedup
FN:30,_RNvNtCsS6u8qvYazT_15phenotype_voxel8fixtures15sample_sequence
FN:57,_RNvNtCsS6u8qvYazT_15phenotype_voxel8fixtures16sample_with_ties
FN:95,_RNvNtCsS6u8qvYazT_15phenotype_voxel8fixtures21sample_lod_transition
FN:147,_RNvNtNtCsS6u8qvYazT_15phenotype_voxel8fixtures5testss_20dedup_collapses_ties
FN:135,_RNvNtNtCsS6u8qvYazT_15phenotype_voxel8fixtures5testss_29sample_sequence_is_meaningful
FN:164,_RNvNtNtCsS6u8qvYazT_15phenotype_voxel8fixtures5testss_30lod_transition_preserves_order
FNDA:0,_RNvNtCsk623h5Sljjt_15phenotype_voxel8fixtures14sort_and_dedup
FNDA:0,_RNvNtCsk623h5Sljjt_15phenotype_voxel8fixtures15sample_sequence
FNDA:0,_RNvNtCsk623h5Sljjt_15phenotype_voxel8fixtures16sample_with_ties
FNDA:0,_RNvNtCsk623h5Sljjt_15phenotype_voxel8fixtures21sample_lod_transition
FNDA:2,_RNCNvNtNtCsS6u8qvYazT_15phenotype_voxel8fixtures5testss_20dedup_collapses_ties0B7_
FNDA:2,_RNCNvNtNtCsS6u8qvYazT_15phenotype_voxel8fixtures5testss_20dedup_collapses_tiess_0B7_
FNDA:1,_RNCNvNtNtCsS6u8qvYazT_15phenotype_voxel8fixtures5testss_30lod_transition_preserves_order0B7_
FNDA:3,_RNCNvNtNtCsS6u8qvYazT_15phenotype_voxel8fixtures5testss_30lod_transition_preserves_orders_0B7_
FNDA:2,_RNvNtCsS6u8qvYazT_15phenotype_voxel8fixtures14sort_and_dedup
FNDA:1,_RNvNtCsS6u8qvYazT_15phenotype_voxel8fixtures15sample_sequence
FNDA:1,_RNvNtCsS6u8qvYazT_15phenotype_voxel8fixtures16sample_with_ties
FNDA:1,_RNvNtCsS6u8qvYazT_15phenotype_voxel8fixtures21sample_lod_transition
FNDA:1,_RNvNtNtCsS6u8qvYazT_15phenotype_voxel8fixtures5testss_20dedup_collapses_ties
FNDA:1,_RNvNtNtCsS6u8qvYazT_15phenotype_voxel8fixtures5testss_29sample_sequence_is_meaningful
FNDA:1,_RNvNtNtCsS6u8qvYazT_15phenotype_voxel8fixtures5testss_30lod_transition_preserves_order
FNF:11
FNH:11
DA:30,1
DA:31,1
DA:32,1
DA:33,1
DA:34,1
DA:35,1
DA:36,1
DA:37,1
DA:38,1
DA:39,1
DA:40,1
DA:41,1
DA:42,1
DA:43,1
DA:44,1
DA:45,1
DA:46,1
DA:47,1
DA:49,1
DA:57,1
DA:58,1
DA:59,1
DA:60,1
DA:61,1
DA:62,1
DA:63,1
DA:64,1
DA:65,1
DA:66,1
DA:68,1
DA:69,1
DA:70,1
DA:71,1
DA:72,1
DA:73,1
DA:74,1
DA:75,1
DA:77,1
DA:95,1
DA:96,1
DA:97,1
DA:98,1
DA:99,1
DA:100,1
DA:101,1
DA:102,1
DA:103,1
DA:104,1
DA:105,1
DA:106,1
DA:107,1
DA:108,1
DA:109,1
DA:110,1
DA:111,1
DA:112,1
DA:114,1
DA:121,2
DA:122,2
DA:123,2
DA:124,2
DA:125,2
DA:126,2
DA:135,1
DA:136,1
DA:137,1
DA:138,1
DA:139,1
DA:140,1
DA:141,1
DA:142,1
DA:147,1
DA:148,1
DA:149,1
DA:150,1
DA:151,2
DA:152,1
DA:153,1
DA:154,1
DA:155,1
DA:156,2
DA:157,1
DA:158,1
DA:159,1
DA:164,1
DA:165,1
DA:166,1
DA:167,1
DA:168,1
DA:169,1
DA:170,1
DA:171,1
DA:172,3
DA:173,1
DA:177,1
DA:178,1
DA:181,1
BRF:0
BRH:0
LF:101
LH:101
end_of_record
SF:/Users/kooshapari/CodeProjects/Phenotype/repos/phenotype-voxel/src/greedy_mesher.rs
FN:115,_RNCNvMs0_NtCsk623h5Sljjt_15phenotype_voxel13greedy_mesherINtB7_12GreedyMesherNtNtB9_8material10MaterialIdE11mesh_greedy0Cs6q0hFvQepU2_26mesher_triangle_regression
FN:188,_RNCNvMs0_NtCsk623h5Sljjt_15phenotype_voxel13greedy_mesherINtB7_12GreedyMesherNtNtB9_8material10MaterialIdE11mesh_greedys0_0Cs6q0hFvQepU2_26mesher_triangle_regression
FN:174,_RNCNvMs0_NtCsk623h5Sljjt_15phenotype_voxel13greedy_mesherINtB7_12GreedyMesherNtNtB9_8material10MaterialIdE11mesh_greedys_0Cs6q0hFvQepU2_26mesher_triangle_regression
FN:101,_RNvMs0_NtCsk623h5Sljjt_15phenotype_voxel13greedy_mesherINtB5_12GreedyMesherNtNtB7_8material10MaterialIdE11mesh_greedyCs6q0hFvQepU2_26mesher_triangle_regression
FN:304,_RNCNvNtCsk623h5Sljjt_15phenotype_voxel13greedy_mesher9emit_quad0B5_
FN:283,_RNvNtCsk623h5Sljjt_15phenotype_voxel13greedy_mesher9emit_quad
FN:115,_RNCNvMs0_NtCsk623h5Sljjt_15phenotype_voxel13greedy_mesherINtB7_12GreedyMesherpE11mesh_greedy0B9_
FN:188,_RNCNvMs0_NtCsk623h5Sljjt_15phenotype_voxel13greedy_mesherINtB7_12GreedyMesherpE11mesh_greedys0_0B9_
FN:174,_RNCNvMs0_NtCsk623h5Sljjt_15phenotype_voxel13greedy_mesherINtB7_12GreedyMesherpE11mesh_greedys_0B9_
FN:76,_RNvMNtCsk623h5Sljjt_15phenotype_voxel13greedy_mesherINtB2_12GreedyMesherpE3newB4_
FN:101,_RNvMs0_NtCsk623h5Sljjt_15phenotype_voxel13greedy_mesherINtB5_12GreedyMesherpE11mesh_greedyB7_
FN:85,_RNvXININtCsk623h5Sljjt_15phenotype_voxel13greedy_meshers_0pEINtB5_12GreedyMesherpENtNtB7_4mesh6Mesher10mesh_chunkB7_
FN:115,_RNCNvMs0_NtCsS6u8qvYazT_15phenotype_voxel13greedy_mesherINtB7_12GreedyMesherNtNtB9_8material10MaterialIdE11mesh_greedy0B9_
FN:188,_RNCNvMs0_NtCsS6u8qvYazT_15phenotype_voxel13greedy_mesherINtB7_12GreedyMesherNtNtB9_8material10MaterialIdE11mesh_greedys0_0B9_
FN:174,_RNCNvMs0_NtCsS6u8qvYazT_15phenotype_voxel13greedy_mesherINtB7_12GreedyMesherNtNtB9_8material10MaterialIdE11mesh_greedys_0B9_
FN:304,_RNCNvNtCsS6u8qvYazT_15phenotype_voxel13greedy_mesher9emit_quad0B5_
FN:730,_RNCNvNtNtCsS6u8qvYazT_15phenotype_voxel13greedy_mesher5testss_35ao_discontinuity_splits_greedy_quad0B7_
FN:649,_RNCNvNtNtCsS6u8qvYazT_15phenotype_voxel13greedy_mesher5testss_36uniform_ao_flat_surface_still_merges0B7_
FN:775,_RNCNvNtNtCsS6u8qvYazT_15phenotype_voxel13greedy_mesher5testss_42greedy_ao_matches_cubic_ao_on_single_voxel0B7_
FN:780,_RNCNvNtNtCsS6u8qvYazT_15phenotype_voxel13greedy_mesher5testss_42greedy_ao_matches_cubic_ao_on_single_voxels_0B7_
FN:76,_RNvMNtCsS6u8qvYazT_15phenotype_voxel13greedy_mesherINtB2_12GreedyMesherNtNtB4_8material10MaterialIdE3newB4_
FN:101,_RNvMs0_NtCsS6u8qvYazT_15phenotype_voxel13greedy_mesherINtB5_12GreedyMesherNtNtB7_8material10MaterialIdE11mesh_greedyB7_
FN:283,_RNvNtCsS6u8qvYazT_15phenotype_voxel13greedy_mesher9emit_quad
FN:810,_RNvNtNtCsS6u8qvYazT_15phenotype_voxel13greedy_mesher5tests13triangle_area
FN:799,_RNvNtNtCsS6u8qvYazT_15phenotype_voxel13greedy_mesher5tests19total_triangle_area
FN:363,_RNvNtNtCsS6u8qvYazT_15phenotype_voxel13greedy_mesher5tests3idx
FN:588,_RNvNtNtCsS6u8qvYazT_15phenotype_voxel13greedy_mesher5testss_26flat_slab_greedy_reduction
FN:403,_RNvNtNtCsS6u8qvYazT_15phenotype_voxel13greedy_mesher5testss_29two_by_two_block_merges_faces
FN:545,_RNvNtNtCsS6u8qvYazT_15phenotype_voxel13greedy_mesher5testss_31empty_chunk_produces_empty_mesh
FN:521,_RNvNtNtCsS6u8qvYazT_15phenotype_voxel13greedy_mesher5testss_31greedy_meshing_is_deterministic
FN:372,_RNvNtNtCsS6u8qvYazT_15phenotype_voxel13greedy_mesher5testss_31single_voxel_produces_six_quads
FN:701,_RNvNtNtCsS6u8qvYazT_15phenotype_voxel13greedy_mesher5testss_35ao_discontinuity_splits_greedy_quad
FN:639,_RNvNtNtCsS6u8qvYazT_15phenotype_voxel13greedy_mesher5testss_36uniform_ao_flat_surface_still_merges
FN:561,_RNvNtNtCsS6u8qvYazT_15phenotype_voxel13greedy_mesher5testss_37mesher_trait_delegates_to_mesh_greedy
FN:744,_RNvNtNtCsS6u8qvYazT_15phenotype_voxel13greedy_mesher5testss_42greedy_ao_matches_cubic_ao_on_single_voxel
FN:458,_RNvNtNtCsS6u8qvYazT_15phenotype_voxel13greedy_mesher5testss_42surface_area_matches_cubic_for_solid_block
FN:85,_RNvXs_NtCsS6u8qvYazT_15phenotype_voxel13greedy_mesherINtB4_12GreedyMesherNtNtB6_8material10MaterialIdENtNtB6_4mesh6Mesher10mesh_chunkB6_
FNDA:135552,_RNCNvMs0_NtCsk623h5Sljjt_15phenotype_voxel13greedy_mesherINtB7_12GreedyMesherNtNtB9_8material10MaterialIdE11mesh_greedy0Cs6q0hFvQepU2_26mesher_triangle_regression
FNDA:34869,_RNCNvMs0_NtCsk623h5Sljjt_15phenotype_voxel13greedy_mesherINtB7_12GreedyMesherNtNtB9_8material10MaterialIdE11mesh_greedys0_0Cs6q0hFvQepU2_26mesher_triangle_regression
FNDA:98304,_RNCNvMs0_NtCsk623h5Sljjt_15phenotype_voxel13greedy_mesherINtB7_12GreedyMesherNtNtB9_8material10MaterialIdE11mesh_greedys_0Cs6q0hFvQepU2_26mesher_triangle_regression
FNDA:4,_RNvMs0_NtCsk623h5Sljjt_15phenotype_voxel13greedy_mesherINtB5_12GreedyMesherNtNtB7_8material10MaterialIdE11mesh_greedyCs6q0hFvQepU2_26mesher_triangle_regression
FNDA:50904,_RNCNvNtCsk623h5Sljjt_15phenotype_voxel13greedy_mesher9emit_quad0B5_
FNDA:12726,_RNvNtCsk623h5Sljjt_15phenotype_voxel13greedy_mesher9emit_quad
FNDA:0,_RNCNvMs0_NtCsk623h5Sljjt_15phenotype_voxel13greedy_mesherINtB7_12GreedyMesherpE11mesh_greedy0B9_
FNDA:0,_RNCNvMs0_NtCsk623h5Sljjt_15phenotype_voxel13greedy_mesherINtB7_12GreedyMesherpE11mesh_greedys0_0B9_
FNDA:0,_RNCNvMs0_NtCsk623h5Sljjt_15phenotype_voxel13greedy_mesherINtB7_12GreedyMesherpE11mesh_greedys_0B9_
FNDA:0,_RNvMNtCsk623h5Sljjt_15phenotype_voxel13greedy_mesherINtB2_12GreedyMesherpE3newB4_
FNDA:0,_RNvMs0_NtCsk623h5Sljjt_15phenotype_voxel13greedy_mesherINtB5_12GreedyMesherpE11mesh_greedyB7_
FNDA:0,_RNvXININtCsk623h5Sljjt_15phenotype_voxel13greedy_meshers_0pEINtB5_12GreedyMesherpENtNtB7_4mesh6Mesher10mesh_chunkB7_
FNDA:319986,_RNCNvMs0_NtCsS6u8qvYazT_15phenotype_voxel13greedy_mesherINtB7_12GreedyMesherNtNtB9_8material10MaterialIdE11mesh_greedy0B9_
FNDA:393,_RNCNvMs0_NtCsS6u8qvYazT_15phenotype_voxel13greedy_mesherINtB7_12GreedyMesherNtNtB9_8material10MaterialIdE11mesh_greedys0_0B9_
FNDA:319488,_RNCNvMs0_NtCsS6u8qvYazT_15phenotype_voxel13greedy_mesherINtB7_12GreedyMesherNtNtB9_8material10MaterialIdE11mesh_greedys_0B9_
FNDA:896,_RNCNvNtCsS6u8qvYazT_15phenotype_voxel13greedy_mesher9emit_quad0B5_
FNDA:2,_RNCNvNtNtCsS6u8qvYazT_15phenotype_voxel13greedy_mesher5testss_35ao_discontinuity_splits_greedy_quad0B7_
FNDA:24,_RNCNvNtNtCsS6u8qvYazT_15phenotype_voxel13greedy_mesher5testss_36uniform_ao_flat_surface_still_merges0B7_
FNDA:24,_RNCNvNtNtCsS6u8qvYazT_15phenotype_voxel13greedy_mesher5testss_42greedy_ao_matches_cubic_ao_on_single_voxel0B7_
FNDA:24,_RNCNvNtNtCsS6u8qvYazT_15phenotype_voxel13greedy_mesher5testss_42greedy_ao_matches_cubic_ao_on_single_voxels_0B7_
FNDA:1,_RNvMNtCsS6u8qvYazT_15phenotype_voxel13greedy_mesherINtB2_12GreedyMesherNtNtB4_8material10MaterialIdE3newB4_
FNDA:13,_RNvMs0_NtCsS6u8qvYazT_15phenotype_voxel13greedy_mesherINtB5_12GreedyMesherNtNtB7_8material10MaterialIdE11mesh_greedyB7_
FNDA:224,_RNvNtCsS6u8qvYazT_15phenotype_voxel13greedy_mesher9emit_quad
FNDA:468,_RNvNtNtCsS6u8qvYazT_15phenotype_voxel13greedy_mesher5tests13triangle_area
FNDA:6,_RNvNtNtCsS6u8qvYazT_15phenotype_voxel13greedy_mesher5tests19total_triangle_area
FNDA:79,_RNvNtNtCsS6u8qvYazT_15phenotype_voxel13greedy_mesher5tests3idx
FNDA:1,_RNvNtNtCsS6u8qvYazT_15phenotype_voxel13greedy_mesher5testss_26flat_slab_greedy_reduction
FNDA:1,_RNvNtNtCsS6u8qvYazT_15phenotype_voxel13greedy_mesher5testss_29two_by_two_block_merges_faces
FNDA:1,_RNvNtNtCsS6u8qvYazT_15phenotype_voxel13greedy_mesher5testss_31empty_chunk_produces_empty_mesh
FNDA:1,_RNvNtNtCsS6u8qvYazT_15phenotype_voxel13greedy_mesher5testss_31greedy_meshing_is_deterministic
FNDA:1,_RNvNtNtCsS6u8qvYazT_15phenotype_voxel13greedy_mesher5testss_31single_voxel_produces_six_quads
FNDA:1,_RNvNtNtCsS6u8qvYazT_15phenotype_voxel13greedy_mesher5testss_35ao_discontinuity_splits_greedy_quad
FNDA:1,_RNvNtNtCsS6u8qvYazT_15phenotype_voxel13greedy_mesher5testss_36uniform_ao_flat_surface_still_merges
FNDA:1,_RNvNtNtCsS6u8qvYazT_15phenotype_voxel13greedy_mesher5testss_37mesher_trait_delegates_to_mesh_greedy
FNDA:1,_RNvNtNtCsS6u8qvYazT_15phenotype_voxel13greedy_mesher5testss_42greedy_ao_matches_cubic_ao_on_single_voxel
FNDA:1,_RNvNtNtCsS6u8qvYazT_15phenotype_voxel13greedy_mesher5testss_42surface_area_matches_cubic_for_solid_block
FNDA:1,_RNvXs_NtCsS6u8qvYazT_15phenotype_voxel13greedy_mesherINtB4_12GreedyMesherNtNtB6_8material10MaterialIdENtNtB6_4mesh6Mesher10mesh_chunkB6_
FNF:25
FNH:25
DA:76,1
DA:77,1
DA:78,1
DA:85,1
DA:86,1
DA:87,1
DA:101,17
DA:102,17
DA:103,17
DA:104,17
DA:105,0
DA:106,0
DA:107,0
DA:108,0
DA:109,17
DA:111,17
DA:115,455538
DA:116,455538
DA:117,455538
DA:118,2484
DA:119,453054
DA:120,453054
DA:121,455538
DA:134,51
DA:135,102
DA:137,102
DA:138,102
DA:139,102
DA:140,102
DA:143,102
DA:144,102
DA:148,102
DA:149,17
DA:150,17
DA:151,17
DA:152,17
DA:153,17
DA:154,17
DA:158,102
DA:160,1632
DA:162,26112
DA:163,417792
DA:166,417792
DA:167,417792
DA:168,417792
DA:169,417792
DA:171,417792
DA:174,417792
DA:175,417792
DA:176,380046
DA:177,380046
DA:178,37746
DA:181,37746
DA:182,37746
DA:183,18873
DA:184,18873
DA:185,18873
DA:186,18873
DA:187,37746
DA:188,37746
DA:191,37746
DA:192,14468
DA:196,14468
DA:197,14468
DA:199,23278
DA:205,26112
DA:206,26112
DA:207,443654
DA:208,417542
DA:209,417542
DA:210,404592
DA:211,404592
DA:212,12950
DA:213,12950
DA:216,12950
DA:217,13200
DA:218,12382
DA:219,250
DA:220,250
DA:221,250
DA:224,12950
DA:225,13200
DA:226,13400
DA:227,13400
DA:228,12132
DA:229,1268
DA:231,250
DA:236,12950
DA:237,12950
DA:238,12950
DA:239,12950
DA:240,12950
DA:241,12950
DA:242,12950
DA:243,12950
DA:244,12950
DA:245,12950
DA:246,12950
DA:247,12950
DA:248,12950
DA:249,12950
DA:253,13200
DA:254,14468
DA:255,14468
DA:256,14468
DA:259,12950
DA:266,17
DA:267,17
DA:283,12950
DA:284,12950
DA:285,12950
DA:286,12950
DA:287,12950
DA:288,12950
DA:289,12950
DA:290,12950
DA:291,12950
DA:292,12950
DA:293,12950
DA:294,12950
DA:295,12950
DA:296,12950
DA:297,12950
DA:301,12950
DA:304,51800
DA:305,51800
DA:306,51800
DA:307,51800
DA:308,51800
DA:309,51800
DA:310,51800
DA:315,12950
DA:316,6475
DA:317,6475
DA:318,6475
DA:319,6475
DA:320,6475
DA:321,6475
DA:323,6475
DA:324,6475
DA:325,6475
DA:326,6475
DA:327,6475
DA:328,6475
DA:331,12950
DA:332,12950
DA:333,12950
DA:334,12950
DA:336,12950
DA:337,51800
DA:338,51800
DA:339,51800
DA:340,51800
DA:341,51800
DA:342,51800
DA:343,51800
DA:344,51800
DA:345,51800
DA:347,12950
DA:348,12950
DA:349,12950
DA:363,79
DA:364,79
DA:365,79
DA:372,1
DA:373,1
DA:374,1
DA:375,1
DA:376,1
DA:377,1
DA:378,1
DA:379,1
DA:382,1
DA:383,1
DA:387,1
DA:388,1
DA:403,1
DA:404,1
DA:405,2
DA:406,4
DA:407,8
DA:408,8
DA:409,8
DA:413,1
DA:414,1
DA:415,1
DA:416,1
DA:417,1
DA:418,1
DA:420,1
DA:421,1
DA:422,1
DA:423,1
DA:424,1
DA:427,1
DA:428,1
DA:429,1
DA:430,1
DA:435,1
DA:436,1
DA:438,0
DA:439,0
DA:443,1
DA:444,1
DA:445,1
DA:448,1
DA:458,1
DA:459,1
DA:460,3
DA:461,9
DA:462,27
DA:463,27
DA:464,27
DA:468,1
DA:469,1
DA:470,1
DA:471,1
DA:472,1
DA:473,1
DA:475,1
DA:476,1
DA:477,1
DA:478,1
DA:479,1
DA:481,1
DA:482,1
DA:483,1
DA:484,1
DA:491,1
DA:492,1
DA:494,0
DA:495,0
DA:499,1
DA:500,1
DA:501,1
DA:505,1
DA:506,1
DA:508,1
DA:512,1
DA:514,1
DA:521,1
DA:522,1
DA:523,1
DA:524,1
DA:525,1
DA:527,1
DA:528,1
DA:529,1
DA:530,1
DA:531,1
DA:532,1
DA:533,1
DA:534,1
DA:535,1
DA:536,1
DA:537,1
DA:538,1
DA:545,1
DA:546,1
DA:547,1
DA:548,1
DA:549,1
DA:550,1
DA:551,1
DA:552,1
DA:553,1
DA:554,1
DA:561,1
DA:562,1
DA:563,1
DA:565,1
DA:566,1
DA:567,1
DA:568,1
DA:569,1
DA:570,1
DA:571,1
DA:572,1
DA:574,1
DA:575,1
DA:576,1
DA:577,1
DA:578,1
DA:579,1
DA:588,1
DA:589,1
DA:590,4
DA:591,16
DA:592,16
DA:593,16
DA:596,1
DA:597,1
DA:598,1
DA:599,1
DA:600,1
DA:602,1
DA:603,1
DA:604,1
DA:605,1
DA:606,1
DA:608,1
DA:609,1
DA:610,1
DA:611,1
DA:615,1
DA:616,1
DA:617,1
DA:618,1
DA:621,1
DA:622,1
DA:625,1
DA:639,1
DA:641,1
DA:642,1
DA:643,1
DA:644,1
DA:645,1
DA:646,1
DA:647,1
DA:648,1
DA:649,24
DA:653,1
DA:655,1
DA:656,1
DA:660,1
DA:664,1
DA:665,4
DA:666,16
DA:667,16
DA:668,16
DA:670,1
DA:671,1
DA:672,1
DA:673,1
DA:674,1
DA:675,1
DA:676,1
DA:677,1
DA:678,1
DA:679,1
DA:680,1
DA:681,1
DA:682,1
DA:684,0
DA:685,0
DA:687,1
DA:688,1
DA:689,1
DA:692,1
DA:701,1
DA:709,1
DA:711,1
DA:712,1
DA:713,1
DA:715,1
DA:716,1
DA:718,1
DA:719,1
DA:720,1
DA:721,1
DA:722,1
DA:723,1
DA:729,1
DA:730,2
DA:734,1
DA:735,1
DA:744,1
DA:745,1
DA:746,1
DA:748,1
DA:749,1
DA:750,1
DA:751,1
DA:752,1
DA:753,1
DA:755,1
DA:756,1
DA:757,1
DA:758,1
DA:759,1
DA:762,1
DA:763,1
DA:767,1
DA:768,1
DA:774,1
DA:775,24
DA:779,1
DA:780,24
DA:786,1
DA:787,1
DA:788,1
DA:789,1
DA:790,1
DA:794,1
DA:799,6
DA:800,6
DA:801,468
DA:802,468
DA:803,468
DA:804,468
DA:805,468
DA:806,468
DA:807,6
DA:808,6
DA:810,468
DA:811,468
DA:812,468
DA:813,468
DA:814,468
DA:815,468
DA:816,468
DA:817,468
DA:818,468
DA:819,468
DA:820,468
BRF:0
BRH:0
LF:423
LH:413
end_of_record
SF:/Users/kooshapari/CodeProjects/Phenotype/repos/phenotype-voxel/src/lib.rs
FN:84,_RNvCsk623h5Sljjt_15phenotype_voxel27is_supported_schema_versionB1_
FN:84,_RNvCsS6u8qvYazT_15phenotype_voxel27is_supported_schema_versionB1_
FNDA:0,_RNvCsk623h5Sljjt_15phenotype_voxel27is_supported_schema_versionB1_
FNDA:0,_RNvCsS6u8qvYazT_15phenotype_voxel27is_supported_schema_versionB1_
FNF:1
FNH:0
DA:84,0
DA:85,0
DA:86,0
BRF:0
BRH:0
LF:3
LH:0
end_of_record
SF:/Users/kooshapari/CodeProjects/Phenotype/repos/phenotype-voxel/src/lod.rs
FN:49,_RNvNtCsk623h5Sljjt_15phenotype_voxel3lod10select_lod
FN:18,_RNvXNtCsk623h5Sljjt_15phenotype_voxel3lodNtB2_20VoxelScaleMultiplierNtNtCse2qo0L34Llq_4core7default7Default7default
FN:37,_RNvXs_NtCsk623h5Sljjt_15phenotype_voxel3lodNtB4_9LodPolicyNtNtCse2qo0L34Llq_4core7default7Default7default
FN:130,_RNCNvNtNtCsS6u8qvYazT_15phenotype_voxel3lod5testss_27lod_increases_with_distance0B7_
FN:49,_RNvNtCsS6u8qvYazT_15phenotype_voxel3lod10select_lod
FN:79,_RNvNtNtCsS6u8qvYazT_15phenotype_voxel3lod5testss_22lod_is_scale_invariant
FN:112,_RNvNtNtCsS6u8qvYazT_15phenotype_voxel3lod5testss_25far_boundary_is_max_level
FN:97,_RNvNtNtCsS6u8qvYazT_15phenotype_voxel3lod5testss_25near_boundary_is_lod_zero
FN:88,_RNvNtNtCsS6u8qvYazT_15phenotype_voxel3lod5testss_26far_distances_clamp_to_max
FN:123,_RNvNtNtCsS6u8qvYazT_15phenotype_voxel3lod5testss_27lod_increases_with_distance
FN:152,_RNvNtNtCsS6u8qvYazT_15phenotype_voxel3lod5testss_28zero_scale_returns_max_level
FN:167,_RNvNtNtCsS6u8qvYazT_15phenotype_voxel3lod5testss_31single_level_policy_always_zero
FN:18,_RNvXNtCsS6u8qvYazT_15phenotype_voxel3lodNtB2_20VoxelScaleMultiplierNtNtCse2qo0L34Llq_4core7default7Default7default
FN:37,_RNvXs_NtCsS6u8qvYazT_15phenotype_voxel3lodNtB4_9LodPolicyNtNtCse2qo0L34Llq_4core7default7Default7default
FNDA:0,_RNvNtCsk623h5Sljjt_15phenotype_voxel3lod10select_lod
FNDA:0,_RNvXNtCsk623h5Sljjt_15phenotype_voxel3lodNtB2_20VoxelScaleMultiplierNtNtCse2qo0L34Llq_4core7default7Default7default
FNDA:0,_RNvXs_NtCsk623h5Sljjt_15phenotype_voxel3lodNtB4_9LodPolicyNtNtCse2qo0L34Llq_4core7default7Default7default
FNDA:5,_RNCNvNtNtCsS6u8qvYazT_15phenotype_voxel3lod5testss_27lod_increases_with_distance0B7_
FNDA:18,_RNvNtCsS6u8qvYazT_15phenotype_voxel3lod10select_lod
FNDA:1,_RNvNtNtCsS6u8qvYazT_15phenotype_voxel3lod5testss_22lod_is_scale_invariant
FNDA:1,_RNvNtNtCsS6u8qvYazT_15phenotype_voxel3lod5testss_25far_boundary_is_max_level
FNDA:1,_RNvNtNtCsS6u8qvYazT_15phenotype_voxel3lod5testss_25near_boundary_is_lod_zero
FNDA:1,_RNvNtNtCsS6u8qvYazT_15phenotype_voxel3lod5testss_26far_distances_clamp_to_max
FNDA:1,_RNvNtNtCsS6u8qvYazT_15phenotype_voxel3lod5testss_27lod_increases_with_distance
FNDA:1,_RNvNtNtCsS6u8qvYazT_15phenotype_voxel3lod5testss_28zero_scale_returns_max_level
FNDA:1,_RNvNtNtCsS6u8qvYazT_15phenotype_voxel3lod5testss_31single_level_policy_always_zero
FNDA:4,_RNvXNtCsS6u8qvYazT_15phenotype_voxel3lodNtB2_20VoxelScaleMultiplierNtNtCse2qo0L34Llq_4core7default7Default7default
FNDA:6,_RNvXs_NtCsS6u8qvYazT_15phenotype_voxel3lodNtB4_9LodPolicyNtNtCse2qo0L34Llq_4core7default7Default7default
FNF:11
FNH:11
DA:18,4
DA:19,4
DA:20,4
DA:37,6
DA:38,6
DA:39,6
DA:40,6
DA:41,6
DA:42,6
DA:43,6
DA:49,18
DA:50,18
DA:51,18
DA:52,18
DA:53,18
DA:54,18
DA:55,2
DA:56,16
DA:57,16
DA:58,16
DA:59,6
DA:60,10
DA:61,4
DA:64,6
DA:65,6
DA:66,6
DA:67,6
DA:69,18
DA:79,1
DA:80,1
DA:81,1
DA:82,1
DA:83,1
DA:84,1
DA:88,1
DA:89,1
DA:90,1
DA:91,1
DA:92,1
DA:97,1
DA:98,1
DA:99,1
DA:101,1
DA:102,1
DA:104,1
DA:106,1
DA:107,1
DA:112,1
DA:113,1
DA:114,1
DA:115,1
DA:116,1
DA:117,1
DA:118,1
DA:123,1
DA:124,1
DA:125,1
DA:127,1
DA:128,1
DA:129,1
DA:130,5
DA:131,5
DA:132,5
DA:133,5
DA:134,1
DA:135,4
DA:136,4
[...]
FNDA:0,_RNvMNtCsk623h5Sljjt_15phenotype_voxel5worldINtB2_10VoxelWorldpE7compactB4_
FNDA:7,_RNCNvMNtCsk623h5Sljjt_15phenotype_voxel5worldINtB4_10VoxelWorldNtNtB6_8material10MaterialIdE5write0CseB1LPdX8YFH_22perf_regression_guards
FNDA:5,_RNvMNtCsk623h5Sljjt_15phenotype_voxel5worldINtB2_10VoxelWorldNtNtB4_8material10MaterialIdE11drain_dirtyCseB1LPdX8YFH_22perf_regression_guards
FNDA:4,_RNvMNtCsk623h5Sljjt_15phenotype_voxel5worldINtB2_10VoxelWorldNtNtB4_8material10MaterialIdE3newCseB1LPdX8YFH_22perf_regression_guards
FNDA:24581,_RNvMNtCsk623h5Sljjt_15phenotype_voxel5worldINtB2_10VoxelWorldNtNtB4_8material10MaterialIdE5writeCseB1LPdX8YFH_22perf_regression_guards
FNDA:6,_RNCNvMNtCsS6u8qvYazT_15phenotype_voxel5worldINtB4_10VoxelWorldhE12chunks_dense0B6_
FNDA:29,_RNCNvMNtCsS6u8qvYazT_15phenotype_voxel5worldINtB4_10VoxelWorldhE5write0B6_
FNDA:24578,_RNCNvMNtCsS6u8qvYazT_15phenotype_voxel5worldINtB4_10VoxelWorldhE7compact0B6_
FNDA:13,_RNvMNtCsS6u8qvYazT_15phenotype_voxel5worldINtB2_10VoxelWorldhE11chunk_countB4_
FNDA:10,_RNvMNtCsS6u8qvYazT_15phenotype_voxel5worldINtB2_10VoxelWorldhE11drain_dirtyB4_
FNDA:3,_RNvMNtCsS6u8qvYazT_15phenotype_voxel5worldINtB2_10VoxelWorldhE12chunks_denseB4_
FNDA:6,_RNvMNtCsS6u8qvYazT_15phenotype_voxel5worldINtB2_10VoxelWorldhE19uniform_chunk_countB4_
FNDA:22,_RNvMNtCsS6u8qvYazT_15phenotype_voxel5worldINtB2_10VoxelWorldhE3newB4_
FNDA:20,_RNvMNtCsS6u8qvYazT_15phenotype_voxel5worldINtB2_10VoxelWorldhE4readB4_
FNDA:9,_RNvMNtCsS6u8qvYazT_15phenotype_voxel5worldINtB2_10VoxelWorldhE5chunkB4_
FNDA:24614,_RNvMNtCsS6u8qvYazT_15phenotype_voxel5worldINtB2_10VoxelWorldhE5writeB4_
FNDA:1,_RNvMNtCsS6u8qvYazT_15phenotype_voxel5worldINtB2_10VoxelWorldhE6octreeB4_
FNDA:8,_RNvMNtCsS6u8qvYazT_15phenotype_voxel5worldINtB2_10VoxelWorldhE7compactB4_
FNDA:1,_RNvNtNtCsS6u8qvYazT_15phenotype_voxel5world5testss_21compact_is_idempotent
FNDA:1,_RNvNtNtCsS6u8qvYazT_15phenotype_voxel5world5testss_23replay_is_bit_identical
FNDA:1,_RNvNtNtCsS6u8qvYazT_15phenotype_voxel5world5testss_25empty_world_reads_default
FNDA:1,_RNvNtNtCsS6u8qvYazT_15phenotype_voxel5world5testss_26write_then_read_roundtrips
FNDA:1,_RNvNtNtCsS6u8qvYazT_15phenotype_voxel5world5testss_27replay_holds_across_compact
FNDA:1,_RNvNtNtCsS6u8qvYazT_15phenotype_voxel5world5testss_30chunk_returns_some_after_write
FNDA:1,_RNvNtNtCsS6u8qvYazT_15phenotype_voxel5world5testss_30chunks_dense_iterates_in_order
FNDA:1,_RNvNtNtCsS6u8qvYazT_15phenotype_voxel5world5testss_31compact_promotes_uniform_chunks
FNDA:1,_RNvNtNtCsS6u8qvYazT_15phenotype_voxel5world5testss_31idempotent_write_emits_no_event
FNDA:1,_RNvNtNtCsS6u8qvYazT_15phenotype_voxel5world5testss_32compact_skips_non_uniform_chunks
FNDA:1,_RNvNtNtCsS6u8qvYazT_15phenotype_voxel5world5testss_33out_of_bounds_coords_do_not_panic
FNDA:1,_RNvNtNtCsS6u8qvYazT_15phenotype_voxel5world5testss_34chunk_returns_none_for_empty_world
FNDA:1,_RNvNtNtCsS6u8qvYazT_15phenotype_voxel5world5testss_34dirty_events_drain_in_sorted_order
FNDA:1,_RNvNtNtCsS6u8qvYazT_15phenotype_voxel5world5testss_35chunk_returns_none_after_compaction
FNDA:1,_RNvNtNtCsS6u8qvYazT_15phenotype_voxel5world5testss_37multiple_writes_to_same_chunk_coexist
FNDA:1,_RNvNtNtCsS6u8qvYazT_15phenotype_voxel5world5testss_43chunk_coord_chunk_id_matches_kernel_packing
FNDA:2,_RNvNvNtNtCsS6u8qvYazT_15phenotype_voxel5world5testss_27replay_holds_across_compact5build
FNDA:0,_RNCNCNvMNtCsS6u8qvYazT_15phenotype_voxel5worldINtB6_10VoxelWorldpE15chunks_dense_at00B8_
FNDA:0,_RNCNvMNtCsS6u8qvYazT_15phenotype_voxel5worldINtB4_10VoxelWorldpE15chunks_dense_at0B6_
FNDA:0,_RNvMNtCsS6u8qvYazT_15phenotype_voxel5worldINtB2_10VoxelWorldpE15chunks_dense_atB4_
FNDA:0,_RNvMNtCsS6u8qvYazT_15phenotype_voxel5worldINtB2_10VoxelWorldpE17total_voxel_countB4_
FNF:34
FNH:30
DA:44,26
DA:45,26
DA:46,26
DA:47,26
DA:48,26
DA:49,26
DA:50,26
DA:51,26
DA:52,26
DA:59,49195
DA:60,49195
DA:61,49195
DA:62,36
DA:63,36
DA:65,49195
DA:66,49195
DA:67,49195
DA:68,49195
DA:69,49195
DA:70,49195
DA:72,49195
DA:73,49193
DA:74,49193
DA:75,49193
DA:76,49193
DA:77,49193
DA:78,49193
DA:80,49195
DA:81,49195
DA:87,15
DA:88,15
DA:89,15
DA:90,15
DA:91,15
DA:98,20
DA:99,20
DA:100,20
DA:101,14
DA:102,14
DA:103,14
DA:104,14
DA:105,14
DA:106,14
DA:107,14
DA:108,6
DA:109,6
DA:110,5
DA:111,1
DA:112,1
DA:113,20
DA:117,13
DA:118,13
DA:119,13
DA:123,0
DA:124,0
DA:125,0
DA:133,9
DA:134,9
DA:135,9
DA:138,3
DA:139,6
DA:140,3
DA:143,0
DA:144,0
DA:145,0
DA:146,0
DA:147,0
DA:148,0
DA:149,0
DA:150,0
DA:151,0
DA:152,0
DA:156,6
DA:157,6
DA:158,6
DA:162,1
DA:163,1
DA:164,1
DA:172,8
DA:173,8
DA:174,8
DA:175,7
DA:176,24578
DA:177,7
DA:178,6
DA:179,6
DA:180,0
DA:182,8
DA:183,6
DA:184,6
DA:185,6
DA:186,8
DA:187,8
DA:196,1
DA:197,1
DA:198,1
DA:199,1
DA:200,1
DA:201,1
DA:206,1
DA:207,1
DA:208,1
DA:209,1
DA:210,1
DA:211,1
DA:212,1
DA:213,1
DA:214,1
DA:215,1
DA:216,1
DA:217,1
DA:218,1
DA:222,1
DA:223,1
DA:224,1
DA:225,1
DA:226,1
DA:227,1
DA:228,1
DA:229,1
DA:234,1
DA:235,1
DA:237,1
DA:238,1
DA:239,1
DA:240,1
DA:241,1
DA:242,1
DA:243,1
DA:244,1
DA:245,1
DA:246,1
DA:247,1
DA:248,1
DA:249,1
DA:250,1
DA:251,1
DA:252,1
DA:253,1
DA:254,1
DA:255,1
DA:256,1
DA:257,1
DA:258,1
DA:260,3
DA:261,3
DA:262,2
DA:264,1
DA:267,1
DA:273,1
DA:274,1
DA:276,16
DA:277,256
DA:278,4096
DA:279,4096
DA:280,4096
DA:281,4096
DA:282,4096
DA:283,4096
DA:284,4096
DA:285,4096
DA:286,4096
DA:287,4096
DA:290,1
DA:291,1
DA:292,1
DA:293,1
DA:294,1
DA:296,1
DA:297,1
DA:298,1
DA:299,1
DA:300,1
DA:301,1
DA:302,1
DA:305,1
DA:310,1
DA:311,1
DA:312,1
DA:313,1
DA:314,1
DA:315,1
DA:316,1
DA:317,1
DA:318,1
DA:321,1
DA:322,1
DA:323,1
DA:324,1
DA:325,1
DA:329,1
DA:330,1
DA:331,16
DA:332,256
DA:333,4096
DA:334,4096
DA:335,4096
DA:336,4096
DA:337,4096
DA:338,4096
DA:339,4096
DA:340,4096
DA:341,4096
DA:342,4096
DA:345,1
DA:346,1
DA:347,1
DA:348,1
DA:349,1
DA:350,1
DA:356,1
DA:357,2
DA:358,32
DA:359,512
DA:360,8192
DA:361,8192
DA:362,8192
DA:363,8192
DA:364,8192
DA:365,8192
DA:366,8192
DA:367,8192
DA:368,8192
DA:369,8192
DA:372,2
DA:373,1
DA:374,1
DA:375,1
DA:376,1
DA:377,1
DA:378,1
DA:379,1
DA:380,1
DA:381,1
DA:383,1
DA:384,1
DA:385,1
DA:390,1
DA:391,1
DA:392,1
DA:393,1
DA:394,1
DA:395,1
DA:396,1
DA:397,1
DA:398,1
DA:399,1
DA:400,1
DA:401,1
DA:402,1
DA:403,1
DA:404,1
DA:405,1
DA:406,1
DA:407,1
DA:408,1
DA:409,1
DA:410,1
DA:411,1
DA:412,1
DA:413,1
DA:414,1
DA:415,1
DA:416,1
DA:417,1
DA:418,1
DA:419,1
DA:420,1
DA:421,1
DA:422,1
DA:423,1
DA:424,1
DA:425,1
DA:426,1
DA:427,4
DA:428,4
DA:429,4
DA:430,4
DA:431,1
DA:432,1
DA:436,1
DA:437,1
DA:438,1
DA:439,1
DA:440,1
DA:441,1
DA:442,1
DA:443,1
DA:444,1
DA:445,1
DA:449,1
DA:450,1
DA:451,1
DA:452,1
DA:453,1
DA:458,1
DA:459,1
DA:460,16
DA:461,256
DA:462,4096
DA:463,4096
DA:464,4096
DA:465,4096
DA:466,4096
DA:467,4096
DA:468,4096
DA:469,4096
DA:470,4096
DA:471,4096
DA:474,1
DA:475,1
DA:476,1
DA:477,1
DA:478,1
DA:479,1
DA:480,1
DA:481,1
DA:482,1
DA:483,1
DA:488,1
DA:489,1
DA:490,1
DA:491,1
DA:492,1
DA:493,1
DA:494,1
DA:495,1
DA:498,1
DA:499,1
DA:500,1
DA:501,1
DA:502,1
DA:503,1
DA:506,1
DA:507,1
DA:508,1
DA:509,1
DA:510,1
DA:511,1
DA:515,1
DA:516,1
DA:518,1
DA:519,1
DA:520,1
DA:521,1
DA:522,1
DA:523,1
DA:524,1
DA:525,1
DA:526,1
DA:527,1
DA:528,1
DA:529,1
DA:530,1
DA:531,1
DA:532,1
DA:533,1
DA:536,1
DA:541,1
DA:542,1
DA:543,1
DA:544,1
DA:545,1
DA:546,1
DA:547,1
DA:548,1
DA:549,1
DA:550,1
DA:551,1
DA:552,1
DA:553,1
DA:554,1
DA:555,1
DA:556,1
DA:557,1
DA:558,1
DA:559,1
DA:560,1
DA:561,1
DA:562,1
DA:563,1
DA:564,1
DA:565,4
DA:567,4
DA:569,4
DA:571,4
DA:575,1
DA:576,1
DA:581,1
DA:582,1
DA:584,1
DA:585,1
DA:586,1
DA:587,1
DA:588,1
DA:589,1
DA:590,1
DA:591,1
DA:592,1
DA:593,1
DA:594,1
DA:595,1
DA:596,1
DA:597,1
DA:598,1
DA:599,1
DA:600,1
DA:601,1
DA:602,1
DA:603,1
DA:605,1
DA:607,1
DA:608,1
DA:609,1
DA:610,1
DA:612,1
DA:613,1
DA:614,1
DA:615,1
DA:616,1
DA:617,1
DA:622,1
DA:623,1
DA:624,1
DA:625,1
DA:626,1
DA:627,1
DA:628,1
DA:629,1
DA:630,1
DA:631,1
DA:632,1
DA:633,1
DA:635,1
DA:636,1
DA:637,1
DA:638,1
DA:639,1
DA:640,1
DA:641,1
DA:644,1
DA:645,1
DA:646,1
DA:647,1
DA:648,1
DA:649,1
DA:650,1
DA:651,1
DA:653,1
BRF:0
BRH:0
LF:453
LH:437
end_of_record
SF:/opt/homebrew/Cellar/rust/1.95.0/lib/rustlib/src/rust/library/std/src/sys/thread_local/native/mod.rs
FN:92,_RNCNKNvNtCscyEaFh03xoQ_12sharded_slab3tid12REGISTRATION00CsmM376aKQEA_18tracing_subscriber
FN:71,_RNCNKNvNtNtCsmM376aKQEA_18tracing_subscriber6filter13layer_filters9FILTERING0s_0B9_
FN:71,_RNCNKNvNtNtCsmM376aKQEA_18tracing_subscriber8registry7sharded11CLOSE_COUNT0s_0B9_
FN:63,_RNCNKNvNvXsa_NtNtCsmM376aKQEA_18tracing_subscriber3fmt9fmt_layerINtBb_5LayerppppEINtNtBf_5layer5LayerpE8on_event3BUF00Bf_
FN:85,_RNvNvNtCscyEaFh03xoQ_12sharded_slab3tid12REGISTRATION27___rust_std_internal_init_fnCsmM376aKQEA_18tracing_subscriber
FN:63,_RNCNKNvNtNtCsmM376aKQEA_18tracing_subscriber6filter13layer_filters9FILTERING00B9_
FN:63,_RNCNKNvNtNtCsmM376aKQEA_18tracing_subscriber8registry7sharded11CLOSE_COUNT00B9_
FN:71,_RNCNKNvNvXsa_NtNtCsmM376aKQEA_18tracing_subscriber3fmt9fmt_layerINtBb_5LayerppppEINtNtBf_5layer5LayerpE8on_event3BUF0s_0Bf_
FN:92,_RNCNKNvNtCscyEaFh03xoQ_12sharded_slab3tid12REGISTRATION00B7_
FN:100,_RNCNKNvNtCscyEaFh03xoQ_12sharded_slab3tid12REGISTRATION0s_0B7_
FN:85,_RNvNvNtCscyEaFh03xoQ_12sharded_slab3tid12REGISTRATION27___rust_std_internal_init_fnB5_
FN:92,_RNCNKNvNtNtNtCsg5LvWS3N7Wp_14regex_automata4util4pool5inner9THREAD_ID00Bb_
FN:100,_RNCNKNvNtNtNtCsg5LvWS3N7Wp_14regex_automata4util4pool5inner9THREAD_ID0s_0Bb_
FN:85,_RNvNvNtNtNtCsg5LvWS3N7Wp_14regex_automata4util4pool5inner9THREAD_ID27___rust_std_internal_init_fnB9_
FN:100,_RNCNKNvNvNtCskbcz6ETnyFq_17crossbeam_channel5waker17current_thread_id9THREAD_ID0s_0Cs6lPMLjpdugB_10bevy_asset
FN:85,_RNvNvNvNtCskbcz6ETnyFq_17crossbeam_channel5waker17current_thread_id9THREAD_ID27___rust_std_internal_init_fnCs6lPMLjpdugB_10bevy_asset
FN:92,_RNCNKNvNvMNtCskbcz6ETnyFq_17crossbeam_channel7contextNtB8_7Context4with7CONTEXT00Ba_
FN:71,_RNCNKNvNvNtCskbcz6ETnyFq_17crossbeam_channel5utils7shuffle3RNG0s_0B9_
FN:85,_RNvNvNvMNtCskbcz6ETnyFq_17crossbeam_channel7contextNtB6_7Context4with7CONTEXT27___rust_std_internal_init_fnB8_
FN:100,_RNCNKNvNvMNtCskbcz6ETnyFq_17crossbeam_channel7contextNtB8_7Context4with7CONTEXT0s_0Ba_
FN:63,_RNCNKNvNvNtCskbcz6ETnyFq_17crossbeam_channel5utils7shuffle3RNG00B9_
FN:92,_RNCNKNvNvNtCskbcz6ETnyFq_17crossbeam_channel5waker17current_thread_id9THREAD_ID00B9_
FN:100,_RNCNKNvNvNtCskbcz6ETnyFq_17crossbeam_channel5waker17current_thread_id9THREAD_ID0s_0B9_
FN:85,_RNvNvNvNtCskbcz6ETnyFq_17crossbeam_channel5waker17current_thread_id9THREAD_ID27___rust_std_internal_init_fnB7_
FN:92,_RNCNKNvNvMsh_CsVdLmwIyUEH_14event_listenerINtBb_13InnerListenerppE13wait_internal6PARKER00CsgoE6DVsrCqk_10async_lock
FN:85,_RNvNvNvMsh_CsVdLmwIyUEH_14event_listenerINtB9_13InnerListenerppE13wait_internal6PARKER27___rust_std_internal_init_fnCsgoE6DVsrCqk_10async_lock
FN:92,_RNCNKNvNvMsh_CsVdLmwIyUEH_14event_listenerINtBb_13InnerListenerppE13wait_internal6PARKER00Bb_
FN:100,_RNCNKNvNvMsh_CsVdLmwIyUEH_14event_listenerINtBb_13InnerListenerppE13wait_internal6PARKER0s_0Bb_
FN:85,_RNvNvNvMsh_CsVdLmwIyUEH_14event_listenerINtB9_13InnerListenerppE13wait_internal6PARKER27___rust_std_internal_init_fnB9_
FN:63,_RNCNKNvNtCscEb2Inaomgn_12tracing_core10dispatcher13CURRENT_STATE00B7_
FN:71,_RNCNKNvNtCscEb2Inaomgn_12tracing_core10dispatcher13CURRENT_STATE0s_0B7_
FN:63,_RNCNKNvNtNtCsi82Bm18esCi_5objc22rc11autorelease5POOLS00B9_
FN:71,_RNCNKNvNtNtCsi82Bm18esCi_5objc22rc11autorelease5POOLS0s_0B9_
FN:71,_RNCNKNvNtNtCs1FCpo5G3KnJ_8bevy_ecs5error10bevy_error21SKIP_NORMAL_BACKTRACE0s_0B9_
FN:92,_RNCNKNvNvNtCs3LmSldeH8Hf_12futures_lite6future8block_on5CACHE00Cs1FCpo5G3KnJ_8bevy_ecs
FN:85,_RNvNvNvNtCs3LmSldeH8Hf_12futures_lite6future8block_on5CACHE27___rust_std_internal_init_fnCs1FCpo5G3KnJ_8bevy_ecs
FN:63,_RNCNKNvNtNtCs1FCpo5G3KnJ_8bevy_ecs5error10bevy_error21SKIP_NORMAL_BACKTRACE00B9_
FN:63,_RNCNKNvNtCs5J87WXEoTsS_10bevy_tasks25single_threaded_task_pool14LOCAL_EXECUTOR00B7_
FN:71,_RNCNKNvNtCs5J87WXEoTsS_10bevy_tasks25single_threaded_task_pool14LOCAL_EXECUTOR0s_0B7_
FN:92,_RNCNKNvNtNtCsgi9I25sxACg_15crossbeam_utils4sync12sharded_lock12REGISTRATION00B9_
FN:100,_RNCNKNvNtNtCsgi9I25sxACg_15crossbeam_utils4sync12sharded_lock12REGISTRATION0s_0B9_
FN:85,_RNvNvNtNtCsgi9I25sxACg_15crossbeam_utils4sync12sharded_lock12REGISTRATION27___rust_std_internal_init_fnB7_
FN:92,_RNCNKNvNvNvMs4_NtCsgPnVAg46bkc_10async_task8runnableINtBd_7BuilderpE11spawn_local9thread_id2ID00Bf_
FN:100,_RNCNKNvNvNvMs4_NtCsgPnVAg46bkc_10async_task8runnableINtBd_7BuilderpE11spawn_local9thread_id2ID0s_0Bf_
FN:85,_RNvNvNvNvMs4_NtCsgPnVAg46bkc_10async_task8runnableINtBb_7BuilderpE11spawn_local9thread_id2ID27___rust_std_internal_init_fnBd_
FN:92,_RNCNKNvNvNtCs3LmSldeH8Hf_12futures_lite6future8block_on5CACHE00B9_
FN:100,_RNCNKNvNvNtCs3LmSldeH8Hf_12futures_lite6future8block_on5CACHE0s_0B9_
FN:85,_RNvNvNvNtCs3LmSldeH8Hf_12futures_lite6future8block_on5CACHE27___rust_std_internal_init_fnB7_
FN:100,_RNCNKNvNtCsldzabnFT2Ub_8fastrand10global_rng3RNG0s_0B7_
FN:85,_RNvNvNtCsldzabnFT2Ub_8fastrand10global_rng3RNG27___rust_std_internal_init_fnB5_
FN:92,_RNCNKNvNtCsldzabnFT2Ub_8fastrand10global_rng3RNG00B7_
FN:63,_RNCNKNvNtNtNtCsjwTrafkKLxG_12bevy_reflect5serde2de11error_utils15TYPE_INFO_STACK00Bb_
FN:63,_RNCNKNvNtNtNtCsjwTrafkKLxG_12bevy_reflect5serde3ser11error_utils15TYPE_INFO_STACK00Bb_
FN:71,_RNCNKNvNtNtNtCsjwTrafkKLxG_12bevy_reflect5serde2de11error_utils15TYPE_INFO_STACK0s_0Bb_
FN:71,_RNCNKNvNtNtNtCsjwTrafkKLxG_12bevy_reflect5serde3ser11error_utils15TYPE_INFO_STACK0s_0Bb_
FN:63,_RNCNKNvNtCsjpdY52t1tOg_12thread_local9thread_id12THREAD_GUARD00B7_
FN:71,_RNCNKNvNtCsjpdY52t1tOg_12thread_local9thread_id6THREAD0s_0B7_
FN:71,_RNCNKNvNtCsjpdY52t1tOg_12thread_local9thread_id12THREAD_GUARD0s_0B7_
FN:63,_RNCNKNvNtCsjpdY52t1tOg_12thread_local9thread_id6THREAD00B7_
FN:71,_RNCNKNvNvNtCsc0RAIh9WntA_8foldhash4seed19gen_per_hasher_seed25PER_HASHER_NONDETERMINISM0s_0B9_
FN:63,_RNCNKNvNvNtCsc0RAIh9WntA_8foldhash4seed19gen_per_hasher_seed25PER_HASHER_NONDETERMINISM00B9_
FNDA:0,_RNCNKNvNtCscyEaFh03xoQ_12sharded_slab3tid12REGISTRATION00CsmM376aKQEA_18tracing_subscriber
FNDA:0,_RNCNKNvNtNtCsmM376aKQEA_18tracing_subscriber6filter13layer_filters9FILTERING0s_0B9_
FNDA:0,_RNCNKNvNtNtCsmM376aKQEA_18tracing_subscriber8registry7sharded11CLOSE_COUNT0s_0B9_
FNDA:0,_RNCNKNvNvXsa_NtNtCsmM376aKQEA_18tracing_subscriber3fmt9fmt_layerINtBb_5LayerppppEINtNtBf_5layer5LayerpE8on_event3BUF00Bf_
FNDA:0,_RNvNvNtCscyEaFh03xoQ_12sharded_slab3tid12REGISTRATION27___rust_std_internal_init_fnCsmM376aKQEA_18tracing_subscriber
FNDA:0,_RNCNKNvNtNtCsmM376aKQEA_18tracing_subscriber6filter13layer_filters9FILTERING00B9_
FNDA:0,_RNCNKNvNtNtCsmM376aKQEA_18tracing_subscriber8registry7sharded11CLOSE_COUNT00B9_
FNDA:0,_RNCNKNvNvXsa_NtNtCsmM376aKQEA_18tracing_subscriber3fmt9fmt_layerINtBb_5LayerppppEINtNtBf_5layer5LayerpE8on_event3BUF0s_0Bf_
FNDA:0,_RNCNKNvNtCscyEaFh03xoQ_12sharded_slab3tid12REGISTRATION00B7_
FNDA:0,_RNCNKNvNtCscyEaFh03xoQ_12sharded_slab3tid12REGISTRATION0s_0B7_
FNDA:0,_RNvNvNtCscyEaFh03xoQ_12sharded_slab3tid12REGISTRATION27___rust_std_internal_init_fnB5_
FNDA:0,_RNCNKNvNtNtNtCsg5LvWS3N7Wp_14regex_automata4util4pool5inner9THREAD_ID00Bb_
FNDA:0,_RNCNKNvNtNtNtCsg5LvWS3N7Wp_14regex_automata4util4pool5inner9THREAD_ID0s_0Bb_
FNDA:0,_RNvNvNtNtNtCsg5LvWS3N7Wp_14regex_automata4util4pool5inner9THREAD_ID27___rust_std_internal_init_fnB9_
FNDA:0,_RNCNKNvNvNtCskbcz6ETnyFq_17crossbeam_channel5waker17current_thread_id9THREAD_ID0s_0Cs6lPMLjpdugB_10bevy_asset
FNDA:0,_RNvNvNvNtCskbcz6ETnyFq_17crossbeam_channel5waker17current_thread_id9THREAD_ID27___rust_std_internal_init_fnCs6lPMLjpdugB_10bevy_asset
FNDA:0,_RNCNKNvNvMNtCskbcz6ETnyFq_17crossbeam_channel7contextNtB8_7Context4with7CONTEXT00Ba_
FNDA:0,_RNCNKNvNvNtCskbcz6ETnyFq_17crossbeam_channel5utils7shuffle3RNG0s_0B9_
FNDA:0,_RNvNvNvMNtCskbcz6ETnyFq_17crossbeam_channel7contextNtB6_7Context4with7CONTEXT27___rust_std_internal_init_fnB8_
FNDA:0,_RNCNKNvNvMNtCskbcz6ETnyFq_17crossbeam_channel7contextNtB8_7Context4with7CONTEXT0s_0Ba_
FNDA:0,_RNCNKNvNvNtCskbcz6ETnyFq_17crossbeam_channel5utils7shuffle3RNG00B9_
FNDA:0,_RNCNKNvNvNtCskbcz6ETnyFq_17crossbeam_channel5waker17current_thread_id9THREAD_ID00B9_
FNDA:0,_RNCNKNvNvNtCskbcz6ETnyFq_17crossbeam_channel5waker17current_thread_id9THREAD_ID0s_0B9_
FNDA:0,_RNvNvNvNtCskbcz6ETnyFq_17crossbeam_channel5waker17current_thread_id9THREAD_ID27___rust_std_internal_init_fnB7_
FNDA:0,_RNCNKNvNvMsh_CsVdLmwIyUEH_14event_listenerINtBb_13InnerListenerppE13wait_internal6PARKER00CsgoE6DVsrCqk_10async_lock
FNDA:0,_RNvNvNvMsh_CsVdLmwIyUEH_14event_listenerINtB9_13InnerListenerppE13wait_internal6PARKER27___rust_std_internal_init_fnCsgoE6DVsrCqk_10async_lock
FNDA:0,_RNCNKNvNvMsh_CsVdLmwIyUEH_14event_listenerINtBb_13InnerListenerppE13wait_internal6PARKER00Bb_
FNDA:0,_RNCNKNvNvMsh_CsVdLmwIyUEH_14event_listenerINtBb_13InnerListenerppE13wait_internal6PARKER0s_0Bb_
FNDA:0,_RNvNvNvMsh_CsVdLmwIyUEH_14event_listenerINtB9_13InnerListenerppE13wait_internal6PARKER27___rust_std_internal_init_fnB9_
FNDA:0,_RNCNKNvNtCscEb2Inaomgn_12tracing_core10dispatcher13CURRENT_STATE00B7_
FNDA:0,_RNCNKNvNtCscEb2Inaomgn_12tracing_core10dispatcher13CURRENT_STATE0s_0B7_
FNDA:0,_RNCNKNvNtNtCsi82Bm18esCi_5objc22rc11autorelease5POOLS00B9_
FNDA:0,_RNCNKNvNtNtCsi82Bm18esCi_5objc22rc11autorelease5POOLS0s_0B9_
FNDA:0,_RNCNKNvNtNtCs1FCpo5G3KnJ_8bevy_ecs5error10bevy_error21SKIP_NORMAL_BACKTRACE0s_0B9_
FNDA:0,_RNCNKNvNvNtCs3LmSldeH8Hf_12futures_lite6future8block_on5CACHE00Cs1FCpo5G3KnJ_8bevy_ecs
FNDA:0,_RNvNvNvNtCs3LmSldeH8Hf_12futures_lite6future8block_on5CACHE27___rust_std_internal_init_fnCs1FCpo5G3KnJ_8bevy_ecs
FNDA:0,_RNCNKNvNtNtCs1FCpo5G3KnJ_8bevy_ecs5error10bevy_error21SKIP_NORMAL_BACKTRACE00B9_
FNDA:0,_RNCNKNvNtCs5J87WXEoTsS_10bevy_tasks25single_threaded_task_pool14LOCAL_EXECUTOR00B7_
FNDA:0,_RNCNKNvNtCs5J87WXEoTsS_10bevy_tasks25single_threaded_task_pool14LOCAL_EXECUTOR0s_0B7_
FNDA:0,_RNCNKNvNtNtCsgi9I25sxACg_15crossbeam_utils4sync12sharded_lock12REGISTRATION00B9_
FNDA:0,_RNCNKNvNtNtCsgi9I25sxACg_15crossbeam_utils4sync12sharded_lock12REGISTRATION0s_0B9_
FNDA:0,_RNvNvNtNtCsgi9I25sxACg_15crossbeam_utils4sync12sharded_lock12REGISTRATION27___rust_std_internal_init_fnB7_
FNDA:0,_RNCNKNvNvNvMs4_NtCsgPnVAg46bkc_10async_task8runnableINtBd_7BuilderpE11spawn_local9thread_id2ID00Bf_
FNDA:0,_RNCNKNvNvNvMs4_NtCsgPnVAg46bkc_10async_task8runnableINtBd_7BuilderpE11spawn_local9thread_id2ID0s_0Bf_
FNDA:0,_RNvNvNvNvMs4_NtCsgPnVAg46bkc_10async_task8runnableINtBb_7BuilderpE11spawn_local9thread_id2ID27___rust_std_internal_init_fnBd_
FNDA:0,_RNCNKNvNvNtCs3LmSldeH8Hf_12futures_lite6future8block_on5CACHE00B9_
FNDA:0,_RNCNKNvNvNtCs3LmSldeH8Hf_12futures_lite6future8block_on5CACHE0s_0B9_
FNDA:0,_RNvNvNvNtCs3LmSldeH8Hf_12futures_lite6future8block_on5CACHE27___rust_std_internal_init_fnB7_
FNDA:0,_RNCNKNvNtCsldzabnFT2Ub_8fastrand10global_rng3RNG0s_0B7_
FNDA:0,_RNvNvNtCsldzabnFT2Ub_8fastrand10global_rng3RNG27___rust_std_internal_init_fnB5_
FNDA:0,_RNCNKNvNtCsldzabnFT2Ub_8fastrand10global_rng3RNG00B7_
FNDA:0,_RNCNKNvNtNtNtCsjwTrafkKLxG_12bevy_reflect5serde2de11error_utils15TYPE_INFO_STACK00Bb_
FNDA:0,_RNCNKNvNtNtNtCsjwTrafkKLxG_12bevy_reflect5serde3ser11error_utils15TYPE_INFO_STACK00Bb_
FNDA:0,_RNCNKNvNtNtNtCsjwTrafkKLxG_12bevy_reflect5serde2de11error_utils15TYPE_INFO_STACK0s_0Bb_
FNDA:0,_RNCNKNvNtNtNtCsjwTrafkKLxG_12bevy_reflect5serde3ser11error_utils15TYPE_INFO_STACK0s_0Bb_
FNDA:0,_RNCNKNvNtCsjpdY52t1tOg_12thread_local9thread_id12THREAD_GUARD00B7_
FNDA:0,_RNCNKNvNtCsjpdY52t1tOg_12thread_local9thread_id6THREAD0s_0B7_
FNDA:0,_RNCNKNvNtCsjpdY52t1tOg_12thread_local9thread_id12THREAD_GUARD0s_0B7_
FNDA:0,_RNCNKNvNtCsjpdY52t1tOg_12thread_local9thread_id6THREAD00B7_
FNDA:0,_RNCNKNvNvNtCsc0RAIh9WntA_8foldhash4seed19gen_per_hasher_seed25PER_HASHER_NONDETERMINISM0s_0B9_
FNDA:0,_RNCNKNvNvNtCsc0RAIh9WntA_8foldhash4seed19gen_per_hasher_seed25PER_HASHER_NONDETERMINISM00B9_
FNF:5
FNH:0
DA:63,0
DA:68,0
DA:69,0
DA:71,0
DA:75,0
DA:76,0
DA:85,0
DA:87,0
DA:92,0
DA:97,0
DA:98,0
DA:100,0
DA:105,0
DA:106,0
BRF:0
BRH:0
LF:14
LH:0
end_of_record